++ dirname /home/ia/tdata/local/catvector/batch-042x/ia/reference.json.gz
+ mkdir -p /home/ia/tdata/local/catvector/batch-042x/ia
+ for f in "${concatables}"*
+ cat /home/ia/tdata/local/catvector/gen/ia/valid/batch-0420.json.gz
+ for f in "${concatables}"*
+ cat /home/ia/tdata/local/catvector/gen/ia/valid/batch-0421.json.gz
+ for f in "${concatables}"*
+ cat /home/ia/tdata/local/catvector/gen/ia/valid/batch-0422.json.gz
+ for f in "${concatables}"*
+ cat /home/ia/tdata/local/catvector/gen/ia/valid/batch-0423.json.gz
+ for f in "${concatables}"*
+ cat /home/ia/tdata/local/catvector/gen/ia/valid/batch-0424.json.gz
+ for f in "${concatables}"*
+ cat /home/ia/tdata/local/catvector/gen/ia/valid/batch-0425.json.gz
+ for f in "${concatables}"*
+ cat /home/ia/tdata/local/catvector/gen/ia/valid/batch-0426.json.gz
+ for f in "${concatables}"*
+ cat /home/ia/tdata/local/catvector/gen/ia/valid/batch-0427.json.gz
+ for f in "${concatables}"*
+ cat /home/ia/tdata/local/catvector/gen/ia/valid/batch-0428.json.gz
+ for f in "${concatables}"*
+ cat /home/ia/tdata/local/catvector/gen/ia/valid/batch-0429.json.gz
+ echo 'Running /home/ia/dev/rotblauer/catvector/gen.sh'
Running /home/ia/dev/rotblauer/catvector/gen.sh
+ /home/ia/dev/rotblauer/catvector/gen.sh
+ set -e
+ local script_dir
+++ dirname -- /home/ia/dev/rotblauer/catvector/gen.sh
++ cd -- /home/ia/dev/rotblauer/catvector
++ pwd
+ script_dir=/home/ia/dev/rotblauer/catvector
+ source /home/ia/dev/rotblauer/catvector/setup.sh
++ [[ -z ia ]]
++ [[ -z ia ]]
++ export CAT_ONE
++ export TRACKS_SOURCE_GZ=/home/ia/tdata/local/catvector/batch-042x/ia/reference.json.gz
++ TRACKS_SOURCE_GZ=/home/ia/tdata/local/catvector/batch-042x/ia/reference.json.gz
++ [[ -z /home/ia/tdata/local/catvector/batch-042x/ia/reference.json.gz ]]
++ [[ ! -f /home/ia/tdata/local/catvector/batch-042x/ia/reference.json.gz ]]
++ export OUTPUT_ROOT=/home/ia/tdata/local/catvector/batch-042x
++ OUTPUT_ROOT=/home/ia/tdata/local/catvector/batch-042x
++ [[ -z /home/ia/tdata/local/catvector/batch-042x ]]
++ mkdir -p /home/ia/tdata/local/catvector/batch-042x
++ export OUTPUT_ROOT_CAT_ONE=/home/ia/tdata/local/catvector/batch-042x/ia
++ OUTPUT_ROOT_CAT_ONE=/home/ia/tdata/local/catvector/batch-042x/ia
++ [[ -z /home/ia/tdata/local/catvector/batch-042x/ia ]]
++ export OUTPUT_REFERENCE=/home/ia/tdata/local/catvector/batch-042x/ia/reference.json.gz
++ OUTPUT_REFERENCE=/home/ia/tdata/local/catvector/batch-042x/ia/reference.json.gz
++ [[ -z /home/ia/tdata/local/catvector/batch-042x/ia/reference.json.gz ]]
+++ dirname /home/ia/tdata/local/catvector/batch-042x/ia/reference.json.gz
++ mkdir -p /home/ia/tdata/local/catvector/batch-042x/ia
++ [[ /home/ia/tdata/local/catvector/batch-042x/ia/reference.json.gz != \/\h\o\m\e\/\i\a\/\t\d\a\t\a\/\l\o\c\a\l\/\c\a\t\v\e\c\t\o\r\/\b\a\t\c\h\-\0\4\2\x\/\i\a\/\r\e\f\e\r\e\n\c\e\.\j\s\o\n\.\g\z ]]
++ export BUILD_TARGET=./build/bin/catvector
++ BUILD_TARGET=./build/bin/catvector
+++ dirname ./build/bin/catvector
++ mkdir -p ./build/bin
++ go build -o ./build/bin/catvector .
+ echo 'CAT_ONE = ia'
CAT_ONE = ia
+ echo 'BUILD_TARGET = ./build/bin/catvector'
BUILD_TARGET = ./build/bin/catvector
+ echo 'TRACKS_SOURCE_GZ = /home/ia/tdata/local/catvector/batch-042x/ia/reference.json.gz'
TRACKS_SOURCE_GZ = /home/ia/tdata/local/catvector/batch-042x/ia/reference.json.gz
+ echo 'OUTPUT_REFERENCE = /home/ia/tdata/local/catvector/batch-042x/ia/reference.json.gz'
OUTPUT_REFERENCE = /home/ia/tdata/local/catvector/batch-042x/ia/reference.json.gz
+ echo 'OUTPUT_ROOT_CAT_ONE = /home/ia/tdata/local/catvector/batch-042x/ia'
OUTPUT_ROOT_CAT_ONE = /home/ia/tdata/local/catvector/batch-042x/ia
+ echo 'PARALLEL_BATCH_SIZE = 100000'
PARALLEL_BATCH_SIZE = 100000
+ echo 'PARALLEL_JOBS = 10'
PARALLEL_JOBS = 10
+ local hash
++ sha1sum /home/ia/tdata/local/catvector/batch-042x/ia/reference.json.gz
+ hash='c92689ef5a585345e59cebc6f9c66befca6b7bd9  /home/ia/tdata/local/catvector/batch-042x/ia/reference.json.gz'
+ [[ -f /home/ia/tdata/local/catvector/batch-042x/ia/generated ]]
+ mkdir -p /home/ia/tdata/local/catvector/batch-042x/ia
+ zcat /home/ia/tdata/local/catvector/batch-042x/ia/reference.json.gz
+ parallel_process
+ parallel -j 10 --pipe -L 100000 process '{#}'
parallel: Warning: A record was longer than 1048576. Increasing to --blocksize 1363150.
parallel: Warning: A record was longer than 1363150. Increasing to --blocksize 1772096.
parallel: Warning: A record was longer than 1772096. Increasing to --blocksize 2303726.
parallel: Warning: A record was longer than 2303726. Increasing to --blocksize 2994845.
parallel: Warning: A record was longer than 2994845. Increasing to --blocksize 3893300.
parallel: Warning: A record was longer than 3893300. Increasing to --blocksize 5061291.
parallel: Warning: A record was longer than 5061291. Increasing to --blocksize 6579680.
parallel: Warning: A record was longer than 6579680. Increasing to --blocksize 8553585.
parallel: Warning: A record was longer than 8553585. Increasing to --blocksize 11119662.
parallel: Warning: A record was longer than 11119662. Increasing to --blocksize 14455562.
parallel: Warning: A record was longer than 14455562. Increasing to --blocksize 18792232.
parallel: Warning: A record was longer than 18792232. Increasing to --blocksize 24429903.
parallel: Warning: A record was longer than 24429903. Increasing to --blocksize 31758875.
parallel: Warning: A record was longer than 31758875. Increasing to --blocksize 41286539.
Processing category: ia, batch: 0002
2024/03/11 13:11:19 main.go:124: Douglas-Peucker simplification with threshold 8e-05
2024/03/11 13:11:20 WARN gfilter: invalid line JSON: "}\n"
2024/03/11 13:11:21 WARN gfilter: invalid line JSON: "D\":\"63b2bab96ca49573\",\"UnixTime\":1686845722,\"Version\":\"gcps/v0.0.0+4\"}}\n"
2024/03/11 13:11:33 pointtracker.go:241: WARN: feature not chronological, resetting tracker 2023-06-15 20:59:11.288 +0000 UTC 2023-06-15 21:02:37.353 +0000 UTC -3m26s
2024/03/11 13:11:34 pointtracker.go:241: WARN: feature not chronological, resetting tracker 2023-06-15 21:15:07.289 +0000 UTC 2023-06-15 21:19:04.38 +0000 UTC -3m57s
2024/03/11 13:11:34 pointtracker.go:241: WARN: feature not chronological, resetting tracker 2023-06-15 21:19:06.176 +0000 UTC 2023-06-15 21:23:15.965 +0000 UTC -4m10s
2024/03/11 13:14:39 WARN gfilter: invalid line JSON: "UUID\":\"63b2bab96ca49573\",\"UnixTime\":1687300328,\"Version\":\"gcps/v0.0.0+4\"}}\n"
2024/03/11 13:16:40 WARN gfilter: invalid line JSON: "eed\":19.65,\"Time\":\"2023-06-25T05:35:17.809Z\",\"UUID\":\"63b2bab96ca49573\",\"UnixTime\":1687671317,\"Version\":\"gcps/v0.0.0+4\"}}\n"
Processing category: ia, batch: 0001
2024/03/11 13:11:19 main.go:124: Douglas-Peucker simplification with threshold 8e-05
2024/03/11 13:11:19 pointtracker.go:241: WARN: feature not chronological, resetting tracker 2023-06-07 21:05:17.673 +0000 UTC 2023-06-07 21:19:56.679 +0000 UTC -14m39s
2024/03/11 13:11:33 WARN gfilter: invalid line JSON: "ab96ca49573\",\"UnixTime\":1686252074,\"Version\":\"gcps/v0.0.0+4\"}}\n"
2024/03/11 13:12:39 pointtracker.go:241: WARN: feature not chronological, resetting tracker 2023-06-09 17:06:55.998 +0000 UTC 2023-06-09 22:04:25.032 +0000 UTC -4h57m29s
2024/03/11 13:15:11 WARN gfilter: invalid line JSON: "Z\",\"UUID\":\"63b2bab96ca49573\",\"UnixTime\":1686442841,\"Version\":\"gcps/v0.0.0+4\"}}\n"
2024/03/11 13:16:10 pointtracker.go:241: WARN: feature not chronological, resetting tracker 2023-06-11 18:37:10.442 +0000 UTC 2023-06-11 19:02:47.105 +0000 UTC -25m37s
2024/03/11 13:17:26 pointtracker.go:241: WARN: feature not chronological, resetting tracker 2023-06-12 20:14:55.465 +0000 UTC 2023-06-12 20:18:23.405 +0000 UTC -3m28s
2024/03/11 13:17:51 WARN gfilter: invalid line JSON: ".27,\"Time\":\"2023-06-13T23:04:36.013Z\",\"UUID\":\"63b2bab96ca49573\",\"UnixTime\":1686697476,\"Version\":\"gcps/v0.0.0+4\"}}\n"
Processing category: ia, batch: 0011
2024/03/11 13:18:09 main.go:124: Douglas-Peucker simplification with threshold 8e-05
2024/03/11 13:18:09 pointtracker.go:241: WARN: feature not chronological, resetting tracker 2023-08-12 19:43:01.753 +0000 UTC 2023-08-12 19:51:44.492 +0000 UTC -8m43s
2024/03/11 13:18:09 pointtracker.go:241: WARN: feature not chronological, resetting tracker 2023-08-12 19:42:43.298 +0000 UTC 2023-08-12 19:47:47.281 +0000 UTC -5m4s
2024/03/11 13:18:09 pointtracker.go:241: WARN: feature not chronological, resetting tracker 2023-08-12 19:42:15.753 +0000 UTC 2023-08-12 19:51:21.752 +0000 UTC -9m6s
2024/03/11 13:18:09 pointtracker.go:241: WARN: feature not chronological, resetting tracker 2023-08-12 19:51:45.092 +0000 UTC 2023-08-12 21:07:55.766 +0000 UTC -1h16m11s
2024/03/11 13:18:10 pointtracker.go:241: WARN: feature not chronological, resetting tracker 2023-08-12 21:07:56.765 +0000 UTC 2023-08-12 22:03:01.77 +0000 UTC -55m5s
2024/03/11 13:18:10 pointtracker.go:241: WARN: feature not chronological, resetting tracker 2023-08-12 22:03:32.77 +0000 UTC 2023-08-12 23:11:12.775 +0000 UTC -1h7m40s
2024/03/11 13:18:10 pointtracker.go:241: WARN: feature not chronological, resetting tracker 2023-08-12 23:37:39.786 +0000 UTC 2023-08-12 23:43:42.787 +0000 UTC -6m3s
2024/03/11 13:18:10 pointtracker.go:241: WARN: feature not chronological, resetting tracker 2023-08-12 23:12:00.775 +0000 UTC 2023-08-12 23:50:31.79 +0000 UTC -38m31s
2024/03/11 13:18:10 pointtracker.go:241: WARN: feature not chronological, resetting tracker 2023-08-12 23:51:16.79 +0000 UTC 2023-08-13 00:18:35.795 +0000 UTC -27m19s
2024/03/11 13:18:11 pointtracker.go:241: WARN: feature not chronological, resetting tracker 2023-08-13 00:18:36.795 +0000 UTC 2023-08-13 00:43:57.798 +0000 UTC -25m21s
2024/03/11 13:18:11 WARN gfilter: invalid line JSON: "sion\":\"gcps/v0.0.0+4\"}}\n"
2024/03/11 13:18:11 pointtracker.go:241: WARN: feature not chronological, resetting tracker 2023-08-13 00:43:58.798 +0000 UTC 2023-08-13 16:14:48.086 +0000 UTC -15h30m49s
2024/03/11 13:18:11 pointtracker.go:241: WARN: feature not chronological, resetting tracker 2023-08-13 16:14:53.086 +0000 UTC 2023-08-13 16:36:15.204 +0000 UTC -21m22s
2024/03/11 13:18:11 pointtracker.go:241: WARN: feature not chronological, resetting tracker 2023-08-13 16:36:17.001 +0000 UTC 2023-08-13 16:47:06.033 +0000 UTC -10m49s
2024/03/11 13:18:13 pointtracker.go:241: WARN: feature not chronological, resetting tracker 2023-08-13 17:14:52.088 +0000 UTC 2023-08-13 17:20:42.376 +0000 UTC -5m50s
2024/03/11 13:18:18 pointtracker.go:241: WARN: feature not chronological, resetting tracker 2023-08-13 18:08:11.179 +0000 UTC 2023-08-13 18:16:56.228 +0000 UTC -8m45s
2024/03/11 13:18:19 pointtracker.go:241: WARN: feature not chronological, resetting tracker 2023-08-13 18:23:00.089 +0000 UTC 2023-08-14 16:53:36.162 +0000 UTC -22h30m36s
2024/03/11 13:18:19 pointtracker.go:241: WARN: feature not chronological, resetting tracker 2023-08-14 18:24:44.085 +0000 UTC 2023-08-14 18:42:54.083 +0000 UTC -18m10s
2024/03/11 13:18:19 pointtracker.go:241: WARN: feature not chronological, resetting tracker 2023-08-14 18:43:04.084 +0000 UTC 2023-08-14 19:02:24.084 +0000 UTC -19m20s
2024/03/11 13:18:19 pointtracker.go:241: WARN: feature not chronological, resetting tracker 2023-08-14 19:02:26.084 +0000 UTC 2023-08-14 19:32:39.084 +0000 UTC -30m13s
2024/03/11 13:18:19 pointtracker.go:241: WARN: feature not chronological, resetting tracker 2023-08-14 20:03:22.086 +0000 UTC 2023-08-14 20:27:15.088 +0000 UTC -23m53s
2024/03/11 13:18:19 pointtracker.go:241: WARN: feature not chronological, resetting tracker 2023-08-14 20:27:41.088 +0000 UTC 2023-08-14 20:45:05.089 +0000 UTC -17m24s
2024/03/11 13:18:19 pointtracker.go:241: WARN: feature not chronological, resetting tracker 2023-08-14 21:26:00.092 +0000 UTC 2023-08-14 21:47:50.093 +0000 UTC -21m50s
2024/03/11 13:18:19 pointtracker.go:241: WARN: feature not chronological, resetting tracker 2023-08-14 21:49:37.094 +0000 UTC 2023-08-14 22:05:52.095 +0000 UTC -16m15s
2024/03/11 13:18:19 pointtracker.go:241: WARN: feature not chronological, resetting tracker 2023-08-14 22:15:18.086 +0000 UTC 2023-08-14 22:21:10.085 +0000 UTC -5m52s
2024/03/11 13:18:19 pointtracker.go:241: WARN: feature not chronological, resetting tracker 2023-08-14 22:06:13.095 +0000 UTC 2023-08-14 22:19:34.086 +0000 UTC -13m21s
2024/03/11 13:18:19 pointtracker.go:241: WARN: feature not chronological, resetting tracker 2023-08-14 22:05:54.095 +0000 UTC 2023-08-14 22:15:11.086 +0000 UTC -9m17s
2024/03/11 13:18:19 pointtracker.go:241: WARN: feature not chronological, resetting tracker 2023-08-14 22:21:12.085 +0000 UTC 2023-08-14 22:34:42.085 +0000 UTC -13m30s
2024/03/11 13:18:20 pointtracker.go:241: WARN: feature not chronological, resetting tracker 2023-08-14 22:34:48.085 +0000 UTC 2023-08-14 22:53:59.086 +0000 UTC -19m11s
2024/03/11 13:18:20 pointtracker.go:241: WARN: feature not chronological, resetting tracker 2023-08-14 22:54:03.086 +0000 UTC 2023-08-14 23:14:44.692 +0000 UTC -20m42s
2024/03/11 13:18:20 pointtracker.go:241: WARN: feature not chronological, resetting tracker 2023-08-14 23:23:06.088 +0000 UTC 2023-08-14 23:50:28.09 +0000 UTC -27m22s
2024/03/11 13:18:20 pointtracker.go:241: WARN: feature not chronological, resetting tracker 2023-08-15 00:09:57.087 +0000 UTC 2023-08-15 00:29:17.084 +0000 UTC -19m20s
2024/03/11 13:18:20 pointtracker.go:241: WARN: feature not chronological, resetting tracker 2023-08-15 00:29:19.084 +0000 UTC 2023-08-15 00:54:13.035 +0000 UTC -24m54s
2024/03/11 13:18:20 pointtracker.go:241: WARN: feature not chronological, resetting tracker 2023-08-15 01:10:35.087 +0000 UTC 2023-08-15 01:27:30.087 +0000 UTC -16m55s
2024/03/11 13:18:20 pointtracker.go:241: WARN: feature not chronological, resetting tracker 2023-08-15 01:47:02.647 +0000 UTC 2023-08-15 02:06:49.084 +0000 UTC -19m46s
2024/03/11 13:18:20 pointtracker.go:241: WARN: feature not chronological, resetting tracker 2023-08-15 02:19:35.085 +0000 UTC 2023-08-15 02:27:24.085 +0000 UTC -7m49s
2024/03/11 13:18:20 pointtracker.go:241: WARN: feature not chronological, resetting tracker 2023-08-15 02:06:52.084 +0000 UTC 2023-08-15 02:27:18.085 +0000 UTC -20m26s
2024/03/11 13:18:20 pointtracker.go:241: WARN: feature not chronological, resetting tracker 2023-08-15 02:07:02.083 +0000 UTC 2023-08-15 02:18:31.085 +0000 UTC -11m29s
2024/03/11 13:18:20 pointtracker.go:241: WARN: feature not chronological, resetting tracker 2023-08-15 02:07:17.084 +0000 UTC 2023-08-15 02:12:45.085 +0000 UTC -5m28s
2024/03/11 13:18:20 pointtracker.go:241: WARN: feature not chronological, resetting tracker 2023-08-15 02:52:35.087 +0000 UTC 2023-08-15 03:11:20.083 +0000 UTC -18m45s
2024/03/11 13:18:20 pointtracker.go:241: WARN: feature not chronological, resetting tracker 2023-08-15 03:11:22.083 +0000 UTC 2023-08-15 03:33:16.085 +0000 UTC -21m54s
2024/03/11 13:18:20 pointtracker.go:241: WARN: feature not chronological, resetting tracker 2023-08-15 03:33:18.085 +0000 UTC 2023-08-15 03:54:05.086 +0000 UTC -20m47s
2024/03/11 13:18:20 pointtracker.go:241: WARN: feature not chronological, resetting tracker 2023-08-15 03:55:22.086 +0000 UTC 2023-08-15 04:11:38.087 +0000 UTC -16m16s
2024/03/11 13:18:20 WARN gfilter: invalid line JSON: "Version\":\"gcps/v0.0.0+4\"}}\n"
2024/03/11 13:18:21 pointtracker.go:241: WARN: feature not chronological, resetting tracker 2023-08-15 04:11:53.087 +0000 UTC 2023-08-15 04:32:05.088 +0000 UTC -20m12s
2024/03/11 13:18:21 pointtracker.go:241: WARN: feature not chronological, resetting tracker 2023-08-15 04:49:07.052 +0000 UTC 2023-08-15 05:13:46.087 +0000 UTC -24m39s
2024/03/11 13:18:21 pointtracker.go:241: WARN: feature not chronological, resetting tracker 2023-08-15 05:13:57.087 +0000 UTC 2023-08-15 05:33:43.086 +0000 UTC -19m46s
2024/03/11 13:18:21 pointtracker.go:241: WARN: feature not chronological, resetting tracker 2023-08-15 05:51:57.085 +0000 UTC 2023-08-15 06:10:19.088 +0000 UTC -18m22s
2024/03/11 13:18:21 pointtracker.go:241: WARN: feature not chronological, resetting tracker 2023-08-15 06:10:21.088 +0000 UTC 2023-08-15 06:33:09.087 +0000 UTC -22m48s
2024/03/11 13:18:21 WARN gfilter: invalid line JSON: ",\"type\":\"Feature\",\"geometry\":{\"type\":\"Point\",\"coordinates\":[-92.0720643,46.8149839]},\"properties\":{\"Accuracy\":5.3,\"Activity\":\"Stationary\",\"Elevation\":272,\"Heading\":-1,\"IsTrip\":true,\"Name\":\"ia\",\"Pressure\":982.86,\"Speed\":0.06,\"Time\":\"2023-08-15T06:35:25.087Z\",\"UUID\":\"63b2bab96ca49573\",\"UnixTime\":1692081325,\"Version\":\"gcps/v0.0.0+4\"}}\n"
2024/03/11 13:18:21 pointtracker.go:241: WARN: feature not chronological, resetting tracker 2023-08-15 06:34:18.086 +0000 UTC 2023-08-15 06:56:58.089 +0000 UTC -22m40s
2024/03/11 13:18:21 pointtracker.go:241: WARN: feature not chronological, resetting tracker 2023-08-15 07:40:30.085 +0000 UTC 2023-08-15 07:56:27.082 +0000 UTC -15m57s
2024/03/11 13:18:21 pointtracker.go:241: WARN: feature not chronological, resetting tracker 2023-08-15 07:56:29.083 +0000 UTC 2023-08-15 08:12:58.089 +0000 UTC -16m29s
2024/03/11 13:18:21 pointtracker.go:241: WARN: feature not chronological, resetting tracker 2023-08-15 08:53:25.753 +0000 UTC 2023-08-15 09:10:26.086 +0000 UTC -17m0s
2024/03/11 13:18:21 pointtracker.go:241: WARN: feature not chronological, resetting tracker 2023-08-15 08:53:21.691 +0000 UTC 2023-08-15 09:04:01.085 +0000 UTC -10m39s
2024/03/11 13:18:21 pointtracker.go:241: WARN: feature not chronological, resetting tracker 2023-08-15 08:53:41.088 +0000 UTC 2023-08-15 09:04:03.086 +0000 UTC -10m22s
2024/03/11 13:18:21 pointtracker.go:241: WARN: feature not chronological, resetting tracker 2023-08-15 09:10:29.086 +0000 UTC 2023-08-15 09:43:37.087 +0000 UTC -33m8s
2024/03/11 13:18:22 pointtracker.go:241: WARN: feature not chronological, resetting tracker 2023-08-15 10:10:55.195 +0000 UTC 2023-08-15 10:38:37.084 +0000 UTC -27m42s
2024/03/11 13:18:22 pointtracker.go:241: WARN: feature not chronological, resetting tracker 2023-08-15 10:39:07.084 +0000 UTC 2023-08-15 10:57:13.086 +0000 UTC -18m6s
2024/03/11 13:18:22 WARN gfilter: invalid line JSON: "UnixTime\":1692097221,\"Version\":\"gcps/v0.0.0+4\"}}\n"
2024/03/11 13:18:22 pointtracker.go:241: WARN: feature not chronological, resetting tracker 2023-08-15 10:57:21.085 +0000 UTC 2023-08-15 11:14:37.084 +0000 UTC -17m16s
2024/03/11 13:18:22 WARN gfilter: invalid line JSON: "ressure\":982.43,\"Speed\":0.22,\"Time\":\"2023-08-15T11:51:07.085Z\",\"UUID\":\"63b2bab96ca49573\",\"UnixTime\":1692100267,\"Version\":\"gcps/v0.0.0+4\"}}\n"
2024/03/11 13:18:22 pointtracker.go:241: WARN: feature not chronological, resetting tracker 2023-08-15 11:14:39.803 +0000 UTC 2023-08-15 11:34:43.084 +0000 UTC -20m3s
2024/03/11 13:18:22 pointtracker.go:241: WARN: feature not chronological, resetting tracker 2023-08-15 11:34:53.508 +0000 UTC 2023-08-15 11:52:39.084 +0000 UTC -17m46s
2024/03/11 13:18:22 pointtracker.go:241: WARN: feature not chronological, resetting tracker 2023-08-15 11:53:44.085 +0000 UTC 2023-08-15 12:24:07.087 +0000 UTC -30m23s
2024/03/11 13:18:22 pointtracker.go:241: WARN: feature not chronological, resetting tracker 2023-08-15 12:24:23.087 +0000 UTC 2023-08-15 12:51:42.086 +0000 UTC -27m19s
2024/03/11 13:18:22 pointtracker.go:241: WARN: feature not chronological, resetting tracker 2023-08-15 12:51:43.086 +0000 UTC 2023-08-15 13:43:58.089 +0000 UTC -52m15s
2024/03/11 13:18:22 pointtracker.go:241: WARN: feature not chronological, resetting tracker 2023-08-15 14:13:02.092 +0000 UTC 2023-08-15 14:22:28.092 +0000 UTC -9m26s
2024/03/11 13:18:23 pointtracker.go:241: WARN: feature not chronological, resetting tracker 2023-08-15 14:32:18.093 +0000 UTC 2023-08-15 14:41:45.094 +0000 UTC -9m27s
Processing category: ia, batch: 0003
2024/03/11 13:11:19 main.go:124: Douglas-Peucker simplification with threshold 8e-05
2024/03/11 13:11:44 WARN gfilter: invalid line JSON: "peed\":23.77,\"Time\":\"2023-06-25T22:02:53.326Z\",\"UUID\":\"63b2bab96ca49573\",\"UnixTime\":1687730573,\"Version\":\"gcps/v0.0.0+4\"}}\n"
2024/03/11 13:12:34 WARN gfilter: invalid line JSON: "eed\":13.39,\"Time\":\"2023-06-30T02:01:52.531Z\",\"UUID\":\"63b2bab96ca49573\",\"UnixTime\":1688090512,\"Version\":\"gcps/v0.0.0+4\"}}\n"
2024/03/11 13:12:40 WARN gfilter: invalid line JSON: "gcps/v0.0.0+4\"}}\n"
2024/03/11 13:12:41 WARN gfilter: invalid line JSON: "erties\":{\"Accuracy\":3.9,\"Activity\":\"Stationary\",\"Elevation\":1508.4,\"Heading\":359,\"IsTrip\":true,\"Name\":\"ia\",\"Pressure\":851.15,\"Speed\":26.28,\"Time\":\"2023-06-30T18:50:00.961Z\",\"UUID\":\"63b2bab96ca49573\",\"UnixTime\":1688151000,\"Version\":\"gcps/v0.0.0+4\"}}\n"
2024/03/11 13:12:53 pointtracker.go:241: WARN: feature not chronological, resetting tracker 2023-07-01 01:05:58.936 +0000 UTC 2023-07-01 01:09:26.935 +0000 UTC -3m28s
2024/03/11 13:14:28 WARN gfilter: invalid line JSON: ":25.59,\"Time\":\"2023-07-01T03:44:01.928Z\",\"UUID\":\"63b2bab96ca49573\",\"UnixTime\":1688183041,\"Version\":\"gcps/v0.0.0+4\"}}\n"
2024/03/11 13:17:23 pointtracker.go:241: WARN: feature not chronological, resetting tracker 2023-07-02 23:00:45.516 +0000 UTC 2023-07-02 23:26:52.637 +0000 UTC -26m7s
Processing category: ia, batch: 0005
2024/03/11 13:11:19 main.go:124: Douglas-Peucker simplification with threshold 8e-05
2024/03/11 13:12:16 pointtracker.go:241: WARN: feature not chronological, resetting tracker 2023-07-11 00:09:34.291 +0000 UTC 2023-07-11 00:12:53.291 +0000 UTC -3m19s
2024/03/11 13:12:16 pointtracker.go:241: WARN: feature not chronological, resetting tracker 2023-07-11 00:17:54.291 +0000 UTC 2023-07-11 00:21:26.29 +0000 UTC -3m32s
2024/03/11 13:12:16 pointtracker.go:241: WARN: feature not chronological, resetting tracker 2023-07-11 00:16:14.291 +0000 UTC 2023-07-11 00:19:46.29 +0000 UTC -3m32s
2024/03/11 13:14:01 WARN gfilter: invalid line JSON: "cps/v0.0.0+4\"}}\n"
2024/03/11 13:14:02 WARN gfilter: invalid line JSON: "Time\":1689141274,\"Version\":\"gcps/v0.0.0+4\"}}\n"
2024/03/11 13:14:02 WARN gfilter: invalid line JSON: "rip\":true,\"Name\":\"ia\",\"Pressure\":851.84,\"Speed\":1.12,\"Time\":\"2023-07-12T13:44:04.379Z\",\"UUID\":\"63b2bab96ca49573\",\"UnixTime\":1689169444,\"Version\":\"gcps/v0.0.0+4\"}}\n"
2024/03/11 13:14:03 pointtracker.go:241: WARN: feature not chronological, resetting tracker 2023-07-12 17:11:26.478 +0000 UTC 2023-07-12 17:20:50.48 +0000 UTC -9m24s
2024/03/11 13:14:03 pointtracker.go:241: WARN: feature not chronological, resetting tracker 2023-07-12 18:15:36.485 +0000 UTC 2023-07-13 02:16:59.505 +0000 UTC -8h1m23s
2024/03/11 13:14:06 pointtracker.go:241: WARN: feature not chronological, resetting tracker 2023-07-13 00:31:53.502 +0000 UTC 2023-07-13 00:39:16.503 +0000 UTC -7m23s
2024/03/11 13:16:12 pointtracker.go:241: WARN: feature not chronological, resetting tracker 2023-07-14 18:34:51.828 +0000 UTC 2023-07-14 18:44:07.099 +0000 UTC -9m15s
2024/03/11 13:16:36 pointtracker.go:241: WARN: feature not chronological, resetting tracker 2023-07-15 17:03:53.097 +0000 UTC 2023-07-15 17:05:31.097 +0000 UTC -1m38s
Processing category: ia, batch: 0006
2024/03/11 13:11:20 main.go:124: Douglas-Peucker simplification with threshold 8e-05
2024/03/11 13:11:54 WARN gfilter: invalid line JSON: "a49573\",\"UnixTime\":1689539522,\"Version\":\"gcps/v0.0.0+4\"}}\n"
2024/03/11 13:12:03 WARN gfilter: invalid line JSON: "ab96ca49573\",\"UnixTime\":1689551722,\"Version\":\"gcps/v0.0.0+4\"}}\n"
2024/03/11 13:12:04 WARN gfilter: invalid line JSON: ",\"UUID\":\"63b2bab96ca49573\",\"UnixTime\":1689552140,\"Version\":\"gcps/v0.0.0+4\"}}\n"
2024/03/11 13:13:40 WARN gfilter: invalid line JSON: ".513Z\",\"UUID\":\"63b2bab96ca49573\",\"UnixTime\":1689609432,\"Version\":\"gcps/v0.0.0+4\"}}\n"
2024/03/11 13:13:59 pointtracker.go:241: WARN: feature not chronological, resetting tracker 2023-07-18 02:58:17.497 +0000 UTC 2023-07-18 03:01:36.496 +0000 UTC -3m19s
2024/03/11 13:14:12 pointtracker.go:241: WARN: feature not chronological, resetting tracker 2023-07-18 15:47:18.767 +0000 UTC 2023-07-18 15:55:37.766 +0000 UTC -8m19s
2024/03/11 13:14:12 pointtracker.go:241: WARN: feature not chronological, resetting tracker 2023-07-18 15:47:35.766 +0000 UTC 2023-07-18 15:48:57.766 +0000 UTC -1m22s
2024/03/11 13:14:12 WARN gfilter: invalid line JSON: "}}\n"
2024/03/11 13:14:47 pointtracker.go:241: WARN: feature not chronological, resetting tracker 2023-07-19 08:12:04.763 +0000 UTC 2023-07-19 08:25:46.765 +0000 UTC -13m42s
2024/03/11 13:15:11 pointtracker.go:241: WARN: feature not chronological, resetting tracker 2023-07-19 17:30:48.808 +0000 UTC 2023-07-19 17:33:41.808 +0000 UTC -2m53s
2024/03/11 13:15:11 WARN gfilter: invalid line JSON: "uracy\":3.9,\"Activity\":\"Automotive\",\"Elevation\":1237.9,\"Heading\":74,\"IsTrip\":true,\"Name\":\"ia\",\"Pressure\":881.84,\"Speed\":33.6,\"Time\":\"2023-07-19T17:42:24.806Z\",\"UUID\":\"63b2bab96ca49573\",\"UnixTime\":1689788544,\"Version\":\"gcps/v0.0.0+4\"}}\n"
2024/03/11 13:15:18 pointtracker.go:241: WARN: feature not chronological, resetting tracker 2023-07-19 17:59:29.804 +0000 UTC 2023-07-19 18:02:21.804 +0000 UTC -2m52s
2024/03/11 13:15:45 pointtracker.go:241: WARN: feature not chronological, resetting tracker 2023-07-19 19:48:09.788 +0000 UTC 2023-07-19 19:51:01.787 +0000 UTC -2m52s
2024/03/11 13:15:50 pointtracker.go:241: WARN: feature not chronological, resetting tracker 2023-07-19 20:19:27.781 +0000 UTC 2023-07-19 20:22:22.781 +0000 UTC -2m55s
2024/03/11 13:16:16 pointtracker.go:241: WARN: feature not chronological, resetting tracker 2023-07-19 21:34:10.766 +0000 UTC 2023-07-19 21:36:00.766 +0000 UTC -1m50s
2024/03/11 13:17:28 pointtracker.go:241: WARN: feature not chronological, resetting tracker 2023-07-20 02:03:09.713 +0000 UTC 2023-07-20 02:06:02.712 +0000 UTC -2m53s
2024/03/11 13:17:33 pointtracker.go:241: WARN: feature not chronological, resetting tracker 2023-07-20 11:34:14.002 +0000 UTC 2023-07-20 11:37:33.001 +0000 UTC -3m19s
2024/03/11 13:17:36 pointtracker.go:241: WARN: feature not chronological, resetting tracker 2023-07-20 11:54:58.004 +0000 UTC 2023-07-20 11:57:50.003 +0000 UTC -2m52s
2024/03/11 13:17:36 pointtracker.go:241: WARN: feature not chronological, resetting tracker 2023-07-20 12:04:31.003 +0000 UTC 2023-07-20 12:07:22.005 +0000 UTC -2m51s
2024/03/11 13:17:47 pointtracker.go:241: WARN: feature not chronological, resetting tracker 2023-07-20 12:48:52.005 +0000 UTC 2023-07-20 12:55:03.005 +0000 UTC -6m11s
2024/03/11 13:17:48 pointtracker.go:241: WARN: feature not chronological, resetting tracker 2023-07-20 13:01:44.005 +0000 UTC 2023-07-20 13:04:37.005 +0000 UTC -2m53s
2024/03/11 13:17:48 pointtracker.go:241: WARN: feature not chronological, resetting tracker 2023-07-20 13:06:18.005 +0000 UTC 2023-07-20 13:14:08.005 +0000 UTC -7m50s
2024/03/11 13:17:49 pointtracker.go:241: WARN: feature not chronological, resetting tracker 2023-07-20 14:06:45.004 +0000 UTC 2023-07-20 14:08:42.005 +0000 UTC -1m57s
2024/03/11 13:17:49 pointtracker.go:241: WARN: feature not chronological, resetting tracker 2023-07-20 14:15:23.005 +0000 UTC 2023-07-20 14:18:13.005 +0000 UTC -2m50s
2024/03/11 13:17:59 pointtracker.go:241: WARN: feature not chronological, resetting tracker 2023-07-20 15:27:41.004 +0000 UTC 2023-07-20 15:30:42.004 +0000 UTC -3m1s
2024/03/11 13:18:00 pointtracker.go:241: WARN: feature not chronological, resetting tracker 2023-07-20 15:46:54.004 +0000 UTC 2023-07-20 15:49:44.005 +0000 UTC -2m50s
2024/03/11 13:18:00 pointtracker.go:241: WARN: feature not chronological, resetting tracker 2023-07-20 16:04:16.005 +0000 UTC 2023-07-20 16:08:50.004 +0000 UTC -4m34s
2024/03/11 13:18:01 pointtracker.go:241: WARN: feature not chronological, resetting tracker 2023-07-20 16:15:31.005 +0000 UTC 2023-07-20 16:18:21.005 +0000 UTC -2m50s
Processing category: ia, batch: 0007
2024/03/11 13:11:20 main.go:124: Douglas-Peucker simplification with threshold 8e-05
2024/03/11 13:11:24 pointtracker.go:241: WARN: feature not chronological, resetting tracker 2023-07-20 17:35:41.998 +0000 UTC 2023-07-20 17:38:31.998 +0000 UTC -2m50s
2024/03/11 13:11:25 pointtracker.go:241: WARN: feature not chronological, resetting tracker 2023-07-20 17:45:12.998 +0000 UTC 2023-07-20 17:48:02.998 +0000 UTC -2m50s
2024/03/11 13:11:41 WARN gfilter: invalid line JSON: "erties\":{\"Accuracy\":5.6,\"Activity\":\"Walking\",\"Elevation\":435,\"Heading\":178,\"IsTrip\":true,\"Name\":\"ia\",\"Pressure\":966.12,\"Speed\":0.1,\"Time\":\"2023-07-20T19:02:14.452Z\",\"UUID\":\"63b2bab96ca49573\",\"UnixTime\":1689879734,\"Version\":\"gcps/v0.0.0+4\"}}\n"
2024/03/11 13:12:45 pointtracker.go:241: WARN: feature not chronological, resetting tracker 2023-07-21 13:12:50.081 +0000 UTC 2023-07-21 13:16:09.08 +0000 UTC -3m19s
2024/03/11 13:13:17 pointtracker.go:241: WARN: feature not chronological, resetting tracker 2023-07-21 18:00:46.446 +0000 UTC 2023-07-21 20:26:28.135 +0000 UTC -2h25m42s
2024/03/11 13:13:20 pointtracker.go:241: WARN: feature not chronological, resetting tracker 2023-07-22 12:50:27.265 +0000 UTC 2023-07-22 12:58:28.295 +0000 UTC -8m1s
2024/03/11 13:13:26 WARN gfilter: invalid line JSON: ":1,\"type\":\"Feature\",\"geometry\":{\"type\":\"Point\",\"coordinates\":[-96.3969036,42.4942035]},\"properties\":{\"Accuracy\":3.8,\"Activity\":\"Walking\",\"Elevation\":302.7,\"Heading\":-1,\"IsTrip\":true,\"Name\":\"ia\",\"Pressure\":971.94,\"Speed\":0.02,\"Time\":\"2023-07-23T00:02:16.499Z\",\"UUID\":\"63b2bab96ca49573\",\"UnixTime\":1690070536,\"Version\":\"gcps/v0.0.0+4\"}}\n"
2024/03/11 13:14:31 pointtracker.go:241: WARN: feature not chronological, resetting tracker 2023-07-23 21:11:00.93 +0000 UTC 2023-07-23 21:15:59.929 +0000 UTC -4m59s
2024/03/11 13:14:36 WARN gfilter: invalid line JSON: ":1690197662,\"Version\":\"gcps/v0.0.0+4\"}}\n"
2024/03/11 13:15:49 WARN gfilter: invalid line JSON: ":\"gcps/v0.0.0+4\"}}\n"
Processing category: ia, batch: 0008
2024/03/11 13:11:20 main.go:124: Douglas-Peucker simplification with threshold 8e-05
2024/03/11 13:11:33 WARN gfilter: invalid line JSON: "Time\":1690371537,\"Version\":\"gcps/v0.0.0+4\"}}\n"
2024/03/11 13:11:39 WARN gfilter: invalid line JSON: ":1690381868,\"Version\":\"gcps/v0.0.0+4\"}}\n"
2024/03/11 13:11:50 pointtracker.go:241: WARN: feature not chronological, resetting tracker 2023-07-27 01:11:10.576 +0000 UTC 2023-07-27 01:31:31.371 +0000 UTC -20m21s
2024/03/11 13:11:50 pointtracker.go:241: WARN: feature not chronological, resetting tracker 2023-07-27 02:04:57.371 +0000 UTC 2023-07-27 02:13:10.37 +0000 UTC -8m13s
2024/03/11 13:11:50 pointtracker.go:241: WARN: feature not chronological, resetting tracker 2023-07-27 03:01:38.371 +0000 UTC 2023-07-27 03:10:39.37 +0000 UTC -9m1s
2024/03/11 13:11:50 WARN gfilter: invalid line JSON: "Version\":\"gcps/v0.0.0+4\"}}\n"
2024/03/11 13:11:50 pointtracker.go:241: WARN: feature not chronological, resetting tracker 2023-07-27 03:39:57.368 +0000 UTC 2023-07-27 03:55:17.368 +0000 UTC -15m20s
2024/03/11 13:11:51 pointtracker.go:241: WARN: feature not chronological, resetting tracker 2023-07-27 04:27:28.368 +0000 UTC 2023-07-27 04:37:10.369 +0000 UTC -9m42s
2024/03/11 13:11:51 pointtracker.go:241: WARN: feature not chronological, resetting tracker 2023-07-27 05:35:47.371 +0000 UTC 2023-07-27 05:44:28.37 +0000 UTC -8m41s
2024/03/11 13:11:51 pointtracker.go:241: WARN: feature not chronological, resetting tracker 2023-07-27 06:04:03.371 +0000 UTC 2023-07-27 06:10:52.374 +0000 UTC -6m49s
2024/03/11 13:11:51 pointtracker.go:241: WARN: feature not chronological, resetting tracker 2023-07-27 06:32:59.373 +0000 UTC 2023-07-27 06:43:29.372 +0000 UTC -10m30s
2024/03/11 13:11:51 pointtracker.go:241: WARN: feature not chronological, resetting tracker 2023-07-27 07:16:15.374 +0000 UTC 2023-07-27 07:46:44.377 +0000 UTC -30m29s
2024/03/11 13:11:51 WARN gfilter: invalid line JSON: "gcps/v0.0.0+4\"}}\n"
2024/03/11 13:11:51 pointtracker.go:241: WARN: feature not chronological, resetting tracker 2023-07-27 08:06:46.378 +0000 UTC 2023-07-27 08:35:02.372 +0000 UTC -28m16s
2024/03/11 13:11:51 pointtracker.go:241: WARN: feature not chronological, resetting tracker 2023-07-27 08:20:37.372 +0000 UTC 2023-07-27 08:31:18.371 +0000 UTC -10m41s
2024/03/11 13:12:27 WARN gfilter: invalid line JSON: "s/v0.0.0+4\"}}\n"
2024/03/11 13:14:13 pointtracker.go:241: WARN: feature not chronological, resetting tracker 2023-07-28 17:45:08.22 +0000 UTC 2023-07-28 17:49:44.009505 +0000 UTC -4m36s
2024/03/11 13:14:16 WARN gfilter: invalid line JSON: "ersion\":\"gcps/v0.0.0+4\"}}\n"
Processing category: ia, batch: 0009
2024/03/11 13:11:21 main.go:124: Douglas-Peucker simplification with threshold 8e-05
2024/03/11 13:12:18 WARN gfilter: invalid line JSON: "ca49573\",\"UnixTime\":1690833465,\"Version\":\"gcps/v0.0.0+4\"}}\n"
2024/03/11 13:13:33 pointtracker.go:241: WARN: feature not chronological, resetting tracker 2023-08-02 02:30:43.054 +0000 UTC 2023-08-02 14:17:58.125 +0000 UTC -11h47m15s
2024/03/11 13:14:17 WARN gfilter: invalid line JSON: "ersion\":\"gcps/v0.0.0+4\"}}\n"
2024/03/11 13:14:18 pointtracker.go:241: WARN: feature not chronological, resetting tracker 2023-08-02 16:01:59.127 +0000 UTC 2023-08-02 18:25:53.239 +0000 UTC -2h23m54s
2024/03/11 13:14:19 pointtracker.go:241: WARN: feature not chronological, resetting tracker 2023-08-02 16:33:47.127 +0000 UTC 2023-08-02 17:04:50.129 +0000 UTC -31m3s
2024/03/11 13:14:19 pointtracker.go:241: WARN: feature not chronological, resetting tracker 2023-08-02 16:23:01.127 +0000 UTC 2023-08-02 16:43:34.128 +0000 UTC -20m33s
2024/03/11 13:14:20 pointtracker.go:241: WARN: feature not chronological, resetting tracker 2023-08-02 18:56:39.131 +0000 UTC 2023-08-03 13:01:24.131 +0000 UTC -18h4m45s
2024/03/11 13:14:37 WARN gfilter: invalid line JSON: ":1691028216,\"Version\":\"gcps/v0.0.0+4\"}}\n"
2024/03/11 13:14:41 pointtracker.go:241: WARN: feature not chronological, resetting tracker 2023-08-03 13:22:48.13 +0000 UTC 2023-08-03 19:44:10.216 +0000 UTC -6h21m22s
2024/03/11 13:14:41 pointtracker.go:241: WARN: feature not chronological, resetting tracker 2023-08-03 19:59:24.216 +0000 UTC 2023-08-03 20:09:59.214 +0000 UTC -10m35s
2024/03/11 13:14:42 pointtracker.go:241: WARN: feature not chronological, resetting tracker 2023-08-03 21:59:18.398 +0000 UTC 2023-08-03 23:52:41.199 +0000 UTC -1h53m23s
2024/03/11 13:14:42 pointtracker.go:241: WARN: feature not chronological, resetting tracker 2023-08-04 00:34:49.192 +0000 UTC 2023-08-04 04:13:31.215 +0000 UTC -3h38m42s
2024/03/11 13:14:44 pointtracker.go:241: WARN: feature not chronological, resetting tracker 2023-08-04 04:13:32.216 +0000 UTC 2023-08-04 04:25:51.216 +0000 UTC -12m19s
Processing category: ia, batch: 0004
2024/03/11 13:11:19 main.go:124: Douglas-Peucker simplification with threshold 8e-05
2024/03/11 13:11:32 pointtracker.go:241: WARN: feature not chronological, resetting tracker 2023-07-05 20:53:10.158 +0000 UTC 2023-07-05 20:56:29.158 +0000 UTC -3m19s
2024/03/11 13:11:32 WARN gfilter: invalid line JSON: ",\"type\":\"Feature\",\"geometry\":{\"type\":\"Point\",\"coordinates\":[-109.5590799,45.7127518]},\"properties\":{\"Accuracy\":4.2,\"Activity\":\"Walking\",\"Elevation\":1141.9,\"Heading\":90,\"IsTrip\":true,\"Name\":\"ia\",\"Pressure\":888.38,\"Speed\":0.14,\"Time\":\"2023-07-05T22:53:33.878Z\",\"UUID\":\"63b2bab96ca49573\",\"UnixTime\":1688597613,\"Version\":\"gcps/v0.0.0+4\"}}\n"
2024/03/11 13:11:32 pointtracker.go:241: WARN: feature not chronological, resetting tracker 2023-07-06 00:40:25.404 +0000 UTC 2023-07-06 01:14:04.127 +0000 UTC -33m39s
2024/03/11 13:12:37 WARN gfilter: invalid line JSON: ",\"Speed\":18.19,\"Time\":\"2023-07-06T03:05:13.113Z\",\"UUID\":\"63b2bab96ca49573\",\"UnixTime\":1688612713,\"Version\":\"gcps/v0.0.0+4\"}}\n"
2024/03/11 13:13:13 WARN gfilter: invalid line JSON: "UUID\":\"63b2bab96ca49573\",\"UnixTime\":1688668161,\"Version\":\"gcps/v0.0.0+4\"}}\n"
2024/03/11 13:14:12 WARN gfilter: invalid line JSON: "d\":16.39,\"Time\":\"2023-07-06T21:30:07.869Z\",\"UUID\":\"63b2bab96ca49573\",\"UnixTime\":1688679007,\"Version\":\"gcps/v0.0.0+4\"}}\n"
2024/03/11 13:14:39 pointtracker.go:241: WARN: feature not chronological, resetting tracker 2023-07-07 05:48:37.847 +0000 UTC 2023-07-07 06:08:36.847 +0000 UTC -19m59s
2024/03/11 13:14:39 WARN gfilter: invalid line JSON: ":14.846Z\",\"UUID\":\"63b2bab96ca49573\",\"UnixTime\":1688712134,\"Version\":\"gcps/v0.0.0+4\"}}\n"
2024/03/11 13:14:40 pointtracker.go:241: WARN: feature not chronological, resetting tracker 2023-07-07 15:23:04.24 +0000 UTC 2023-07-07 15:31:01.24 +0000 UTC -7m57s
2024/03/11 13:15:32 pointtracker.go:241: WARN: feature not chronological, resetting tracker 2023-07-07 21:28:11.03 +0000 UTC 2023-07-07 21:31:39.217 +0000 UTC -3m28s
Processing category: ia, batch: 0010
2024/03/11 13:11:21 main.go:124: Douglas-Peucker simplification with threshold 8e-05
2024/03/11 13:11:22 WARN gfilter: invalid line JSON: ":\"gcps/v0.0.0+4\"}}\n"
2024/03/11 13:11:23 WARN gfilter: invalid line JSON: "on\":\"gcps/v0.0.0+4\"}}\n"
2024/03/11 13:12:02 pointtracker.go:241: WARN: feature not chronological, resetting tracker 2023-08-04 12:20:00.243 +0000 UTC 2023-08-04 12:25:32.242 +0000 UTC -5m32s
2024/03/11 13:12:18 pointtracker.go:241: WARN: feature not chronological, resetting tracker 2023-08-04 13:04:24.242 +0000 UTC 2023-08-07 02:42:22.996 +0000 UTC -61h37m59s
2024/03/11 13:23:32 pointtracker.go:241: WARN: feature not chronological, resetting tracker 2023-08-05 19:49:36.231 +0000 UTC 2023-08-05 20:06:47.231 +0000 UTC -17m11s
2024/03/11 13:23:36 pointtracker.go:241: WARN: feature not chronological, resetting tracker 2023-08-06 17:05:29.677 +0000 UTC 2023-08-06 17:22:02.955 +0000 UTC -16m33s
2024/03/11 13:23:43 pointtracker.go:241: WARN: feature not chronological, resetting tracker 2023-08-06 20:22:05.964 +0000 UTC 2023-08-06 20:33:10.963 +0000 UTC -11m5s
2024/03/11 13:23:45 pointtracker.go:241: WARN: feature not chronological, resetting tracker 2023-08-07 02:50:07.996 +0000 UTC 2023-08-07 17:03:59.002 +0000 UTC -14h13m51s
2024/03/11 13:23:45 pointtracker.go:241: WARN: feature not chronological, resetting tracker 2023-08-07 17:04:00.001 +0000 UTC 2023-08-07 17:32:01.006 +0000 UTC -28m1s
2024/03/11 13:23:46 pointtracker.go:241: WARN: feature not chronological, resetting tracker 2023-08-07 17:32:02.005 +0000 UTC 2023-08-07 17:44:29.005 +0000 UTC -12m27s
2024/03/11 13:23:46 pointtracker.go:241: WARN: feature not chronological, resetting tracker 2023-08-08 13:30:32.015 +0000 UTC 2023-08-08 16:13:47 +0000 UTC -2h43m15s
2024/03/11 13:23:48 WARN gfilter: invalid line JSON: ":\"gcps/v0.0.0+4\"}}\n"
2024/03/11 13:23:48 pointtracker.go:241: WARN: feature not chronological, resetting tracker 2023-08-08 19:13:55.004 +0000 UTC 2023-08-08 19:29:47.003 +0000 UTC -15m52s
2024/03/11 13:23:49 pointtracker.go:241: WARN: feature not chronological, resetting tracker 2023-08-08 19:41:34.002 +0000 UTC 2023-08-08 20:25:54.998 +0000 UTC -44m21s
2024/03/11 13:23:49 pointtracker.go:241: WARN: feature not chronological, resetting tracker 2023-08-08 20:31:29.997 +0000 UTC 2023-08-08 21:44:48.334 +0000 UTC -1h13m18s
2024/03/11 13:23:50 pointtracker.go:241: WARN: feature not chronological, resetting tracker 2023-08-08 21:56:51.563 +0000 UTC 2023-08-08 22:02:59.906 +0000 UTC -6m8s
2024/03/11 13:23:50 pointtracker.go:241: WARN: feature not chronological, resetting tracker 2023-08-08 22:03:38.142 +0000 UTC 2023-08-08 22:07:29.235 +0000 UTC -3m51s
2024/03/11 13:23:52 pointtracker.go:241: WARN: feature not chronological, resetting tracker 2023-08-08 22:48:19.985 +0000 UTC 2023-08-08 22:53:32.984 +0000 UTC -5m13s
2024/03/11 13:23:52 pointtracker.go:241: WARN: feature not chronological, resetting tracker 2023-08-08 22:46:22.491 +0000 UTC 2023-08-08 22:52:54.985 +0000 UTC -6m32s
2024/03/11 13:23:52 pointtracker.go:241: WARN: feature not chronological, resetting tracker 2023-08-08 22:54:25.985 +0000 UTC 2023-08-08 22:59:02.336 +0000 UTC -4m36s
2024/03/11 13:23:52 pointtracker.go:241: WARN: feature not chronological, resetting tracker 2023-08-08 22:56:29.558 +0000 UTC 2023-08-08 22:59:08.103 +0000 UTC -2m39s
2024/03/11 13:23:52 pointtracker.go:241: WARN: feature not chronological, resetting tracker 2023-08-08 22:59:09.902 +0000 UTC 2023-08-08 23:10:18.987 +0000 UTC -11m9s
2024/03/11 13:23:53 pointtracker.go:241: WARN: feature not chronological, resetting tracker 2023-08-09 00:42:07.004 +0000 UTC 2023-08-09 18:43:32.564 +0000 UTC -18h1m26s
2024/03/11 13:23:54 pointtracker.go:241: WARN: feature not chronological, resetting tracker 2023-08-09 22:00:10.567 +0000 UTC 2023-08-09 23:40:49.561 +0000 UTC -1h40m39s
2024/03/11 13:23:54 pointtracker.go:241: WARN: feature not chronological, resetting tracker 2023-08-09 22:14:23.566 +0000 UTC 2023-08-09 22:27:04.564 +0000 UTC -12m41s
2024/03/11 13:24:08 pointtracker.go:241: WARN: feature not chronological, resetting tracker 2023-08-09 23:40:50.562 +0000 UTC 2023-08-09 23:50:16.561 +0000 UTC -9m26s
2024/03/11 13:24:09 pointtracker.go:241: WARN: feature not chronological, resetting tracker 2023-08-10 00:01:12.56 +0000 UTC 2023-08-10 00:11:57.559 +0000 UTC -10m45s
2024/03/11 13:24:11 pointtracker.go:241: WARN: feature not chronological, resetting tracker 2023-08-10 01:10:17.968 +0000 UTC 2023-08-10 01:28:41.674 +0000 UTC -18m24s
2024/03/11 13:24:11 WARN gfilter: invalid line JSON: "ature\",\"geometry\":{\"type\":\"Point\",\"coordinates\":[-92.0784253,46.8020791]},\"properties\":{\"Accuracy\":3.9,\"Activity\":\"Bike\",\"Elevation\":179.4,\"Heading\":40,\"IsTrip\":true,\"Name\":\"ia\",\"Pressure\":981.1,\"Speed\":6.74,\"Time\":\"2023-08-10T01:43:58.555Z\",\"UUID\":\"63b2bab96ca49573\",\"UnixTime\":1691631838,\"Version\":\"gcps/v0.0.0+4\"}}\n"
2024/03/11 13:24:12 pointtracker.go:241: WARN: feature not chronological, resetting tracker 2023-08-10 18:48:58.437 +0000 UTC 2023-08-10 19:03:30.438 +0000 UTC -14m32s
2024/03/11 13:24:12 pointtracker.go:241: WARN: feature not chronological, resetting tracker 2023-08-10 19:03:31.437 +0000 UTC 2023-08-10 19:13:00.437 +0000 UTC -9m29s
2024/03/11 13:24:14 pointtracker.go:241: WARN: feature not chronological, resetting tracker 2023-08-10 19:58:43.176 +0000 UTC 2023-08-10 20:04:18.292 +0000 UTC -5m35s
2024/03/11 13:24:14 pointtracker.go:241: WARN: feature not chronological, resetting tracker 2023-08-10 19:58:41.378 +0000 UTC 2023-08-10 20:03:26.153 +0000 UTC -4m45s
2024/03/11 13:24:14 pointtracker.go:241: WARN: feature not chronological, resetting tracker 2023-08-10 20:05:10.437 +0000 UTC 2023-08-10 20:09:09.368 +0000 UTC -3m59s
2024/03/11 13:24:15 pointtracker.go:241: WARN: feature not chronological, resetting tracker 2023-08-10 20:34:10.436 +0000 UTC 2023-08-10 21:28:30.436 +0000 UTC -54m20s
2024/03/11 13:24:15 pointtracker.go:241: WARN: feature not chronological, resetting tracker 2023-08-10 22:39:45.441 +0000 UTC 2023-08-10 23:11:33.443 +0000 UTC -31m48s
2024/03/11 13:24:15 pointtracker.go:241: WARN: feature not chronological, resetting tracker 2023-08-11 00:44:05.438 +0000 UTC 2023-08-11 01:22:52.446 +0000 UTC -38m47s
2024/03/11 13:24:15 pointtracker.go:241: WARN: feature not chronological, resetting tracker 2023-08-11 00:43:02.438 +0000 UTC 2023-08-11 01:08:32.445 +0000 UTC -25m30s
2024/03/11 13:24:15 pointtracker.go:241: WARN: feature not chronological, resetting tracker 2023-08-12 14:20:46.749 +0000 UTC 2023-08-12 16:31:24.094 +0000 UTC -2h10m37s
2024/03/11 13:24:20 pointtracker.go:241: WARN: feature not chronological, resetting tracker 2023-08-12 18:34:21.757 +0000 UTC 2023-08-12 18:43:48.756 +0000 UTC -9m27s
2024/03/11 13:24:20 pointtracker.go:241: WARN: feature not chronological, resetting tracker 2023-08-12 18:53:37.756 +0000 UTC 2023-08-12 19:03:30.101 +0000 UTC -9m52s
2024/03/11 13:24:20 pointtracker.go:241: WARN: feature not chronological, resetting tracker 2023-08-12 18:54:46.756 +0000 UTC 2023-08-12 19:02:38.755 +0000 UTC -7m52s
+ echo 'c92689ef5a585345e59cebc6f9c66befca6b7bd9  /home/ia/tdata/local/catvector/batch-042x/ia/reference.json.gz'
+ date

real	13m3.969s
user	2m39.720s
sys	0m17.414s
+ echo 'Running /home/ia/dev/rotblauer/catvector/tile.sh'
Running /home/ia/dev/rotblauer/catvector/tile.sh
+ /home/ia/dev/rotblauer/catvector/tile.sh
Postprocessing category: ia
+ OUTPUT_FILE=/home/ia/tdata/local/catvector/batch-042x/ia/laps.mbtiles
++ basename /home/ia/tdata/local/catvector/batch-042x/ia/laps.mbtiles .mbtiles
+ TILESET_NAME=laps
++ basename /home/ia/tdata/local/catvector/batch-042x/ia/laps.mbtiles .mbtiles
+ LAYER_NAME=laps
+ tippeargs=(--maximum-tile-bytes 500000 --drop-smallest-as-needed --drop-densest-as-needed --minimum-zoom 3 --maximum-zoom 15 --include Name --include Time --include Duration --include StartTime --include UnixTime --include Activity --single-precision --read-parallel -l ${LAYER_NAME} -n ${TILESET_NAME} --temporary-directory "/tmp" -o ${OUTPUT_FILE} --force)
+ main
++ dirname /home/ia/tdata/local/catvector/batch-042x/ia/laps.mbtiles
+ mkdir -p /home/ia/tdata/local/catvector/batch-042x/ia
+ tippecanoe --maximum-tile-bytes 500000 --drop-smallest-as-needed --drop-densest-as-needed --minimum-zoom 3 --maximum-zoom 15 --include Name --include Time --include Duration --include StartTime --include UnixTime --include Activity --single-precision --read-parallel -l laps -n laps --temporary-directory /tmp -o /home/ia/tdata/local/catvector/batch-042x/ia/laps.mbtiles --force
Read 0.00 million featuresRead 0.00 million featuresRead 0.00 million featuresRead 0.00 million features                              Merging string pool           Merging vertices              Merging nodes                 Merging index                 Reordering geometry: 0% Reordering geometry: 1% Reordering geometry: 2% Reordering geometry: 3% Reordering geometry: 4% Reordering geometry: 5% Reordering geometry: 6% Reordering geometry: 7% Reordering geometry: 8% Reordering geometry: 9% Reordering geometry: 10% Reordering geometry: 11% Reordering geometry: 12% Reordering geometry: 13% Reordering geometry: 14% Reordering geometry: 15% Reordering geometry: 16% Reordering geometry: 17% Reordering geometry: 18% Reordering geometry: 19% Reordering geometry: 20% Reordering geometry: 21% Reordering geometry: 22% Reordering geometry: 23% Reordering geometry: 24% Reordering geometry: 25% Reordering geometry: 26% Reordering geometry: 27% Reordering geometry: 28% Reordering geometry: 29% Reordering geometry: 30% Reordering geometry: 31% Reordering geometry: 32% Reordering geometry: 33% Reordering geometry: 34% Reordering geometry: 35% Reordering geometry: 36% Reordering geometry: 37% Reordering geometry: 38% Reordering geometry: 39% Reordering geometry: 40% Reordering geometry: 41% Reordering geometry: 42% Reordering geometry: 43% Reordering geometry: 44% Reordering geometry: 45% Reordering geometry: 46% Reordering geometry: 47% Reordering geometry: 48% Reordering geometry: 49% Reordering geometry: 50% Reordering geometry: 51% Reordering geometry: 52% Reordering geometry: 53% Reordering geometry: 54% Reordering geometry: 55% Reordering geometry: 56% Reordering geometry: 57% Reordering geometry: 58% Reordering geometry: 59% Reordering geometry: 60% Reordering geometry: 61% Reordering geometry: 62% Reordering geometry: 63% Reordering geometry: 64% Reordering geometry: 65% Reordering geometry: 66% Reordering geometry: 67% Reordering geometry: 68% Reordering geometry: 69% Reordering geometry: 70% Reordering geometry: 71% Reordering geometry: 72% Reordering geometry: 73% Reordering geometry: 74% Reordering geometry: 75% Reordering geometry: 76% Reordering geometry: 77% Reordering geometry: 78% Reordering geometry: 79% Reordering geometry: 80% Reordering geometry: 81% Reordering geometry: 82% Reordering geometry: 83% Reordering geometry: 84% Reordering geometry: 85% Reordering geometry: 86% Reordering geometry: 87% Reordering geometry: 88% Reordering geometry: 89% Reordering geometry: 90% Reordering geometry: 91% Reordering geometry: 92% Reordering geometry: 93% Reordering geometry: 94% Reordering geometry: 95% Reordering geometry: 96% Reordering geometry: 97% Reordering geometry: 98% Reordering geometry: 99% 2581 features, 324517 bytes of geometry and attributes, 175295 bytes of string pool, 0 bytes of vertices, 0 bytes of nodes
  6.2%  1/0/0    6.3%  1/0/0    6.4%  1/0/0    6.5%  1/0/0    6.6%  1/0/0    6.7%  1/0/0    6.8%  1/0/0    6.9%  1/0/0    7.0%  1/0/0    7.1%  1/0/0    7.2%  1/0/0    7.3%  1/0/0    7.4%  1/0/0    7.5%  1/0/0    7.6%  1/0/0    7.7%  1/0/0    7.8%  1/0/0    7.9%  1/0/0    8.0%  1/0/0    8.1%  1/0/0    8.2%  1/0/0    8.3%  1/0/0    8.4%  1/0/0    8.5%  1/0/0    8.6%  1/0/0    8.7%  1/0/0    8.8%  1/0/0    8.9%  1/0/0    9.0%  1/0/0    9.1%  1/0/0    9.2%  1/0/0    9.3%  1/0/0    9.4%  1/0/0    9.5%  1/0/0    9.6%  1/0/0    9.7%  1/0/0    9.8%  1/0/0    9.9%  1/0/0    10.0%  1/0/0    10.1%  1/0/0    10.2%  1/0/0    10.3%  1/0/0    10.4%  1/0/0    10.5%  1/0/0    10.6%  1/0/0    10.7%  1/0/0    10.8%  1/0/0    10.9%  1/0/0    11.0%  1/0/0    11.1%  1/0/0    11.2%  1/0/0    11.3%  1/0/0    11.4%  1/0/0    11.5%  1/0/0    11.6%  1/0/0    11.7%  1/0/0    11.8%  1/0/0    11.9%  1/0/0    12.0%  1/0/0    12.1%  1/0/0    12.2%  1/0/0    12.3%  1/0/0    12.4%  1/0/0    18.7%  3/1/2    18.8%  3/1/2    19.0%  3/1/2    19.1%  3/1/2    19.4%  3/1/2    19.6%  3/1/2    19.8%  3/1/2    20.0%  3/1/2    20.1%  3/1/2    20.3%  3/1/2    20.5%  3/1/2    20.6%  3/1/2    20.8%  3/1/2    21.0%  3/1/2    21.1%  3/1/2    21.3%  3/1/2    21.5%  3/1/2    21.6%  3/1/2    21.8%  3/1/2    22.0%  3/1/2    22.1%  3/1/2    22.3%  3/1/2    22.5%  3/1/2    22.6%  3/1/2    22.8%  3/1/2    23.0%  3/1/2    23.1%  3/1/2    23.3%  3/1/2    23.5%  3/1/2    23.6%  3/1/2    23.8%  3/1/2    24.0%  3/1/2    24.1%  3/1/2    24.3%  3/1/2    24.5%  3/1/2    24.6%  3/1/2    24.8%  3/1/2    25.0%  4/3/5    25.1%  4/3/6    25.1%  4/3/5    25.3%  4/2/5    25.3%  4/3/5    25.5%  4/2/5    25.6%  4/2/5    25.8%  4/2/5    26.0%  4/3/5    26.1%  4/2/5    26.3%  4/3/5    27.0%  4/3/5    27.1%  4/3/5    27.3%  4/3/5    27.5%  4/3/5    27.6%  4/3/5    27.8%  4/3/5    28.0%  4/3/5    28.1%  4/3/5    28.3%  4/3/5    28.5%  4/3/5    28.6%  4/3/5    28.8%  4/3/5    29.0%  4/3/5    29.1%  4/3/5    29.3%  4/3/5    29.5%  4/3/5    29.6%  4/3/5    29.8%  4/3/5    30.0%  4/3/5    30.1%  4/3/5    30.3%  4/3/5    30.5%  4/3/5    30.6%  4/3/5    30.8%  4/3/5    31.0%  4/3/5    31.1%  4/3/5    31.3%  5/7/11    31.3%  5/6/11    31.3%  5/5/11    31.5%  5/5/11    31.6%  5/7/11    31.6%  5/5/11    31.8%  5/7/11    32.0%  5/7/11    32.1%  5/7/11    32.2%  5/6/11    32.9%  5/7/11    33.0%  5/7/11    33.1%  5/6/11    33.2%  5/6/11    33.4%  5/6/11    33.5%  5/6/11    33.6%  5/6/11    33.7%  5/6/11    33.9%  5/6/11    34.0%  5/6/11    34.1%  5/6/11    34.2%  5/6/11    34.4%  5/6/11    34.5%  5/6/11    34.6%  5/6/11    34.7%  5/6/11    36.8%  5/6/11    36.9%  5/6/11    37.0%  5/6/11    37.1%  5/6/11    37.2%  5/6/11    37.4%  5/6/11    37.5%  6/13/22    37.6%  6/12/22    37.7%  6/12/22    37.9%  6/12/22    38.0%  6/12/22    38.1%  6/12/22    38.2%  6/12/22    38.4%  6/12/22    38.5%  6/12/22    38.7%  6/12/22    38.6%  6/15/22    38.7%  6/12/22    38.9%  6/12/22    39.0%  6/12/22    39.7%  6/12/22    39.9%  6/12/22    40.2%  6/15/22    40.5%  6/12/22    40.6%  6/12/22    40.7%  6/12/22    40.9%  6/12/22    41.0%  6/12/22    41.1%  6/12/22    42.3%  6/12/22    42.4%  6/12/22    42.5%  6/12/22    42.6%  6/12/22    42.7%  6/12/22    42.9%  6/12/22    43.0%  6/12/22    43.1%  6/12/22    43.2%  6/12/22    43.4%  6/12/22    43.5%  6/12/22    43.6%  6/12/22    43.7%  6/12/22    43.9%  7/24/44    44.0%  7/24/44    44.1%  7/24/45    44.2%  7/24/45    44.5%  7/23/45    44.6%  7/24/45    44.8%  7/24/45    44.7%  7/25/45    45.1%  7/24/45    44.9%  7/31/45    45.1%  7/24/45    45.2%  7/24/45    45.4%  7/24/45    45.5%  7/24/45    45.8%  7/31/45    46.0%  7/24/45    46.1%  7/24/45    46.2%  7/24/45    46.5%  7/24/45    46.8%  7/31/45    47.0%  7/24/45    47.1%  7/24/45    47.2%  7/24/45    47.4%  7/24/45    47.5%  7/24/45    47.6%  7/24/45    47.7%  7/24/45    47.9%  7/24/45    48.0%  7/24/45    48.1%  7/24/45    49.2%  7/24/45    49.4%  7/24/45    49.5%  7/24/45    49.6%  7/24/45    49.7%  7/24/45    49.9%  7/24/45    50.0%  8/48/91    50.1%  8/48/91    50.2%  8/48/91    50.4%  8/48/91    50.5%  8/48/91    50.6%  8/48/91    50.7%  8/62/90    50.9%  8/62/90    51.1%  8/62/90    51.2%  8/48/91    51.4%  8/48/91    51.5%  8/62/90    51.6%  8/48/91    51.7%  8/48/91    52.1%  8/48/91    52.0%  8/62/90    52.1%  8/48/91    52.2%  8/48/91    52.4%  8/48/91    52.5%  8/48/91    52.6%  8/48/91    52.7%  8/48/91    52.9%  8/48/91    53.1%  8/62/90    53.2%  8/48/91    53.6%  8/48/91    53.5%  8/62/90    53.6%  8/48/91    53.7%  8/62/90    53.9%  8/48/91    54.0%  8/62/90    54.1%  8/48/91    54.2%  8/48/91    54.4%  8/48/91    54.5%  8/48/91    54.6%  8/48/91    54.7%  8/48/91    55.7%  8/48/91    55.9%  8/48/91    56.0%  8/48/91    56.2%  8/48/91    56.4%  9/97/183    56.5%  9/97/183    56.6%  9/97/183    56.7%  9/97/183    56.9%  9/97/183    57.0%  9/97/183    57.1%  9/97/183    57.2%  9/97/183    57.4%  9/97/183    57.4%  9/97/182    57.5%  9/97/183    57.6%  9/97/182    57.7%  9/97/182    57.9%  9/97/183    58.0%  9/97/183    58.2%  9/97/183    58.4%  9/97/183    58.5%  9/97/183    58.6%  9/97/183    58.7%  9/97/183    59.0%  9/97/183    59.3%  9/124/180    59.4%  9/95/180    60.0%  9/125/180    60.9%  9/97/183    61.0%  9/93/180    61.1%  9/93/180    61.2%  9/113/185    62.3%  9/118/188    62.4%  9/98/182    62.5%  10/252/381    62.6%  10/250/360    62.7%  10/250/360    62.9%  10/250/360    63.0%  10/250/360    63.1%  10/250/360    63.2%  10/250/360    63.4%  10/250/360    63.4%  10/194/366    63.5%  10/194/366    63.6%  10/250/360    63.7%  10/194/366    63.9%  10/250/360    64.0%  10/250/360    64.1%  10/194/366    64.1%  10/250/360    64.2%  10/194/366    64.3%  10/194/366    64.4%  10/250/360    64.4%  10/194/366    64.5%  10/250/360    64.6%  10/250/360    64.7%  10/250/360    64.8%  10/194/366    64.9%  10/194/366    65.0%  10/194/366    65.1%  10/194/366    65.2%  10/194/366    65.3%  10/194/366    65.4%  10/194/366    65.5%  10/194/366    65.6%  10/194/366    65.7%  10/202/365    65.7%  10/192/363    65.7%  10/224/370    65.8%  10/202/365    66.0%  10/194/365    66.1%  10/200/365    66.2%  10/200/365    66.3%  10/200/365    66.4%  10/202/365    67.0%  10/194/366    67.1%  10/188/359    67.2%  10/246/375    67.3%  10/226/370    67.4%  10/192/365    67.5%  10/193/362    67.6%  10/201/365    68.5%  10/193/365    68.6%  10/189/359    68.7%  10/189/359    68.8%  11/389/733    68.9%  11/388/732    68.9%  11/389/732    68.9%  11/388/733    69.0%  11/389/732    69.1%  11/389/732    69.2%  11/388/733    69.3%  11/388/733    69.4%  11/388/733    69.6%  11/388/733    69.5%  11/500/721    69.7%  11/388/733    69.8%  11/388/733    69.9%  11/388/733    70.0%  11/500/721    70.1%  11/388/733    70.2%  11/388/733    70.3%  11/500/721    70.4%  11/500/721    70.5%  11/500/721    70.6%  11/500/721    70.7%  11/500/721    70.8%  11/500/721    70.9%  11/500/721    71.1%  11/474/754    71.2%  11/499/722    71.3%  11/374/720    71.4%  11/499/722    71.5%  11/508/721    71.6%  11/411/730    72.1%  11/500/721    72.6%  11/500/757    72.7%  11/501/722    72.8%  11/374/721    72.9%  11/383/720    72.9%  11/500/722    73.0%  11/383/720    73.1%  11/383/720    73.2%  11/383/720    73.3%  11/391/731    73.4%  11/391/731    73.5%  11/391/731    73.6%  11/493/737    73.7%  11/390/728    73.8%  11/475/756    73.9%  11/475/756    74.0%  11/508/763    74.1%  11/441/740    74.2%  11/401/731    74.3%  11/396/731    74.4%  11/384/719    74.5%  11/390/731    74.5%  11/400/730    74.6%  11/400/730    74.7%  11/473/750    74.8%  11/391/730    74.9%  11/396/730    75.0%  12/1000/1443    75.1%  12/778/1464    75.2%  12/1000/1443    75.3%  12/1000/1443    75.4%  12/1000/1443    75.5%  12/1000/1443    75.6%  12/1000/1443    75.7%  12/1000/1443    75.8%  12/1000/1443    75.9%  12/1000/1443    76.2%  12/1000/1443    76.3%  12/784/1462    76.6%  12/1000/1515    76.6%  12/782/1466    76.7%  12/784/1462    76.8%  12/804/1463    76.9%  12/900/1483    76.9%  12/932/1489    77.0%  12/764/1441    77.1%  12/801/1461    77.2%  12/801/1461    77.3%  12/777/1467    77.4%  12/774/1438    77.5%  12/789/1462    77.5%  12/766/1441    77.6%  12/778/1458    77.6%  12/1014/1441    77.7%  12/778/1458    77.8%  12/776/1466    77.9%  12/777/1466    78.0%  12/1017/1442    78.1%  12/776/1467    78.2%  12/776/1467    78.3%  12/776/1467    78.4%  12/776/1467    78.5%  12/776/1467    78.7%  12/776/1467    79.1%  12/813/1460    79.1%  12/756/1439    79.2%  12/834/1463    79.2%  12/867/1478    79.3%  12/783/1460    79.4%  12/776/1464    79.5%  12/756/1436    79.6%  12/1000/1444    79.7%  12/777/1465    79.8%  12/777/1465    79.9%  12/778/1463    80.0%  12/776/1465    80.0%  12/813/1461    80.1%  12/776/1465    80.2%  12/776/1465    80.3%  12/814/1459    80.4%  12/782/1461    80.5%  12/781/1462    80.6%  12/873/1482    80.7%  12/799/1461    80.7%  12/1005/1448    80.8%  12/780/1457    80.9%  12/780/1457    81.0%  12/1017/1527    81.1%  12/861/1473    81.2%  12/869/1481    81.3%  13/1965/3040    81.4%  13/1902/3025    81.5%  13/1965/3053    81.6%  13/1573/2925    81.6%  13/1740/2965    81.6%  13/1811/2967    81.6%  13/1602/2923    81.7%  13/1548/2877    81.8%  13/1556/2917    81.8%  13/1604/2925    81.9%  13/1558/2918    82.0%  13/2027/2882    82.1%  13/1559/2918    82.2%  13/1554/2930    82.2%  13/1705/2937    82.3%  13/1555/2930    82.3%  13/1626/2922    82.4%  13/1627/2922    82.5%  13/1598/2922    82.6%  13/1555/2929    82.7%  13/1554/2931    82.8%  13/1627/2923    82.9%  13/1547/2894    83.0%  13/1957/3042    83.0%  13/1554/2927    83.1%  13/1917/3022    83.1%  13/1964/3042    83.2%  13/1552/2925    83.3%  13/1551/2875    83.4%  13/1553/2935    83.5%  13/1553/2935    83.6%  13/1553/2935    83.7%  13/1553/2935    83.8%  13/2001/3047    83.9%  13/1548/2878    84.0%  13/1559/2916    84.1%  13/1565/2923    84.2%  13/1553/2936    84.3%  13/1765/2959    84.4%  13/1513/2874    84.5%  13/1556/2929    84.6%  13/1513/2875    84.7%  13/1532/2882    84.8%  13/1620/2925    84.9%  13/1620/2925    85.0%  13/2000/2887    85.1%  13/2000/2887    85.2%  13/2000/2887    85.3%  13/2000/2887    85.4%  13/2000/2887    85.6%  13/2000/2887    85.7%  13/1808/2967    85.7%  13/2030/3052    85.8%  13/1850/2976    85.9%  13/2034/3056    86.0%  13/1614/2927    86.1%  13/1609/2926    86.2%  13/1595/2921    86.3%  13/1498/2884    86.4%  13/1863/2977    86.5%  13/2479/3029    86.6%  13/2035/2884    86.7%  13/1561/2913    86.8%  13/1499/2884    86.9%  13/1977/2940    87.0%  13/1557/2926    87.1%  13/1556/2927    87.2%  13/1725/2951    87.2%  13/1592/2923    87.3%  13/1963/3048    87.4%  13/1614/2926    87.5%  14/3925/6089    87.6%  14/3109/5873    87.7%  14/3115/5835    87.8%  14/3111/5861    87.9%  14/3131/5850    88.0%  14/3095/5757    88.0%  14/3961/6100    88.1%  14/3064/5765    88.2%  14/3091/5771    88.3%  14/3242/5850    88.4%  14/3106/5867    88.5%  14/4067/5770    88.6%  14/4070/5769    88.7%  14/4023/6101    88.8%  14/3310/5859    88.9%  14/3999/5776    89.0%  14/3118/5837    89.1%  14/3113/5855    89.2%  14/3018/5765    89.3%  14/3119/5836    89.4%  14/3852/6043    89.5%  14/3109/5861    89.6%  14/3024/5756    89.7%  14/3116/5852    89.8%  14/4018/5773    89.8%  14/3962/5828    89.9%  14/3107/5871    90.0%  14/3020/5763    90.1%  14/3109/5860    90.2%  14/3131/5844    90.3%  14/4048/6103    90.4%  14/3506/5924    90.5%  14/3108/5861    90.6%  14/3112/5834    90.7%  14/3204/5847    90.8%  14/3108/5859    90.9%  14/3108/5875    91.0%  14/3106/5871    91.1%  14/4010/5775    91.2%  14/3639/5936    91.2%  14/3810/6048    91.3%  14/3639/5937    91.3%  14/4027/5792    91.4%  14/3240/5850    91.4%  14/3075/5833    91.5%  14/3241/5850    91.6%  14/3187/5840    91.7%  14/3105/5848    91.8%  14/3637/5936    91.9%  14/3212/5848    92.0%  14/3120/5836    92.1%  14/3027/5752    92.2%  14/3107/5863    92.3%  14/2995/5767    92.4%  14/3106/5875    92.5%  14/4000/5775    92.6%  14/3026/5750    92.7%  14/3106/5863    92.8%  14/4001/5774    92.9%  14/4001/5774    93.0%  14/4001/5774    93.1%  14/4036/5793    93.2%  14/4001/5775    93.3%  14/4001/5775    93.4%  14/3217/5855    93.5%  14/3238/5852    93.6%  14/4000/5776    93.7%  14/2994/5762    93.8%  15/7732/12135    93.9%  15/6226/11673    94.0%  15/6053/11510    94.1%  15/6479/11701    94.2%  15/6238/11672    94.3%  15/6500/11691    94.4%  15/6193/11583    94.5%  15/6226/11669    94.6%  15/6171/11623    94.7%  15/8122/12230    94.8%  15/6259/11732    94.9%  15/6482/11702    94.9%  15/6154/11636    95.0%  15/8003/11549    95.1%  15/8003/11550    95.2%  15/6435/11710    95.3%  15/7032/11843    95.4%  15/6602/11707    95.5%  15/7893/11930    95.5%  15/6311/11702    95.6%  15/6198/11702    95.7%  15/6182/11614    95.7%  15/6056/11489    95.8%  15/7997/11555    95.9%  15/6209/11498    96.0%  15/7389/11905    96.0%  15/8096/12234    96.1%  15/6216/11723    96.2%  15/6213/11742    96.3%  15/6184/11524    96.4%  15/8032/11548    96.5%  15/5992/11536    96.6%  15/6217/11721    96.7%  15/6221/11711    96.8%  15/6312/11701    96.9%  15/6257/11680    97.0%  15/6188/11524    97.1%  15/6386/11686    97.2%  15/6222/11723    97.3%  15/6219/11711    97.4%  15/6411/11696    97.5%  15/6226/11712    97.6%  15/7895/11788    97.7%  15/7254/11870    97.8%  15/6055/11486    97.9%  15/7062/11839    98.0%  15/6259/11683    98.1%  15/7898/11786    98.2%  15/6218/11713    98.3%  15/6215/11725    98.4%  15/6218/11712    98.5%  15/6253/11701    98.6%  15/6196/11509    98.7%  15/6213/11733    98.8%  15/8138/11537    98.9%  15/6451/11709    99.0%  15/6296/11700    99.1%  15/6240/11660    99.2%  15/8123/11548    99.3%  15/6272/11693    99.4%  15/6088/11527    99.5%  15/6220/11676    99.6%  15/6373/11686    99.7%  15/8141/11535    99.8%  15/6209/11698    99.9%  15/8113/12209  
+ OUTPUT_FILE=/home/ia/tdata/local/catvector/batch-042x/ia/naps.mbtiles
++ basename /home/ia/tdata/local/catvector/batch-042x/ia/naps.mbtiles .mbtiles
+ TILESET_NAME=naps
++ basename /home/ia/tdata/local/catvector/batch-042x/ia/naps.mbtiles .mbtiles
+ LAYER_NAME=naps
+ tippeargs=(--maximum-tile-bytes 500000 --cluster-densest-as-needed --cluster-distance=1 --calculate-feature-density --drop-rate 1 --minimum-zoom 3 --maximum-zoom 18 --include Name --include Time --include Duration --include StartTime --include UnixTime --include Activity --include IsTrip --single-precision --read-parallel -l ${LAYER_NAME} -n ${TILESET_NAME} --temporary-directory "/tmp" -o ${OUTPUT_FILE} --force)
+ main
++ dirname /home/ia/tdata/local/catvector/batch-042x/ia/naps.mbtiles
+ mkdir -p /home/ia/tdata/local/catvector/batch-042x/ia
+ tippecanoe --maximum-tile-bytes 500000 --cluster-densest-as-needed --cluster-distance=1 --calculate-feature-density --drop-rate 1 --minimum-zoom 3 --maximum-zoom 18 --include Name --include Time --include Duration --include StartTime --include UnixTime --include Activity --include IsTrip --single-precision --read-parallel -l naps -n naps --temporary-directory /tmp -o /home/ia/tdata/local/catvector/batch-042x/ia/naps.mbtiles --force
Read 0.00 million featuresRead 0.00 million featuresRead 0.00 million featuresRead 0.00 million featuresRead 0.01 million featuresRead 0.01 million featuresRead 0.01 million featuresRead 0.01 million featuresRead 0.01 million featuresRead 0.01 million featuresRead 0.01 million featuresRead 0.01 million featuresstandard input:1014: Expected a comma or colon: in JSON object {"id":1,"type":"Feature","geometry":{"type":"Point","coordinates":[-111.8926764,45.6567531]},"properties":{"Accuracy":4.5,"Activity":"Stationary","Elevation":1624.3,"Heading":-1,"IsTrip":false,"Name":"ia","Pressure":836.83,"Speed":0.01,"Time":"2023-07-16T05:46:37.952Z","UUID":"63b2bab96ca49573","UnixTime":16}}
standard input:1227: Expected a comma or colon: in JSON object {"id":1,"type":"Feature","geometry":{"type":"Point","coordinates":[-112.6698926,46.9541303]},"properties":{"Accuracy":3.9,"Activity":"Stationary","Elevation":1383.1,"Heading":157,"IsTrip":false,"Name":"ia","Pressure":854.36,"Speed":0}}
Read 0.02 million featuresRead 0.02 million featuresRead 0.02 million featuresRead 0.02 million featuresRead 0.02 million featuresRead 0.03 million featuresRead 0.03 million featuresRead 0.03 million featuresRead 0.03 million featuresRead 0.03 million featuresRead 0.04 million featuresRead 0.05 million featuresRead 0.05 million featuresRead 0.05 million featuresRead 0.06 million featuresRead 0.06 million featuresRead 0.06 million featuresRead 0.07 million featuresRead 0.07 million featuresRead 0.07 million featuresRead 0.07 million featuresRead 0.07 million featuresRead 0.07 million featuresRead 0.07 million featuresRead 0.07 million featuresRead 0.08 million featuresRead 0.08 million featuresRead 0.08 million featuresRead 0.08 million featuresRead 0.08 million featuresRead 0.08 million featuresRead 0.08 million features                              Merging string pool           Merging vertices              Merging nodes                 Merging index                 Reordering geometry: 0% Reordering geometry: 1% Reordering geometry: 2% Reordering geometry: 3% Reordering geometry: 4% Reordering geometry: 5% Reordering geometry: 6% Reordering geometry: 7% Reordering geometry: 8% Reordering geometry: 9% Reordering geometry: 10% Reordering geometry: 11% Reordering geometry: 12% Reordering geometry: 13% Reordering geometry: 14% Reordering geometry: 15% Reordering geometry: 16% Reordering geometry: 17% Reordering geometry: 18% Reordering geometry: 19% Reordering geometry: 20% Reordering geometry: 21% Reordering geometry: 22% Reordering geometry: 23% Reordering geometry: 24% Reordering geometry: 25% Reordering geometry: 26% Reordering geometry: 27% Reordering geometry: 28% Reordering geometry: 29% Reordering geometry: 30% Reordering geometry: 31% Reordering geometry: 32% Reordering geometry: 33% Reordering geometry: 34% Reordering geometry: 35% Reordering geometry: 36% Reordering geometry: 37% Reordering geometry: 38% Reordering geometry: 39% Reordering geometry: 40% Reordering geometry: 41% Reordering geometry: 42% Reordering geometry: 43% Reordering geometry: 44% Reordering geometry: 45% Reordering geometry: 46% Reordering geometry: 47% Reordering geometry: 48% Reordering geometry: 49% Reordering geometry: 50% Reordering geometry: 51% Reordering geometry: 52% Reordering geometry: 53% Reordering geometry: 54% Reordering geometry: 55% Reordering geometry: 56% Reordering geometry: 57% Reordering geometry: 58% Reordering geometry: 59% Reordering geometry: 60% Reordering geometry: 61% Reordering geometry: 62% Reordering geometry: 63% Reordering geometry: 64% Reordering geometry: 65% Reordering geometry: 66% Reordering geometry: 67% Reordering geometry: 68% Reordering geometry: 69% Reordering geometry: 70% Reordering geometry: 71% Reordering geometry: 72% Reordering geometry: 73% Reordering geometry: 74% Reordering geometry: 75% Reordering geometry: 76% Reordering geometry: 77% Reordering geometry: 78% Reordering geometry: 79% Reordering geometry: 80% Reordering geometry: 81% Reordering geometry: 82% Reordering geometry: 83% Reordering geometry: 84% Reordering geometry: 85% Reordering geometry: 86% Reordering geometry: 87% Reordering geometry: 88% Reordering geometry: 89% Reordering geometry: 90% Reordering geometry: 91% Reordering geometry: 92% Reordering geometry: 93% Reordering geometry: 94% Reordering geometry: 95% Reordering geometry: 96% Reordering geometry: 97% Reordering geometry: 98% 88316 features, 3938484 bytes of geometry and attributes, 3334957 bytes of string pool, 0 bytes of vertices, 0 bytes of nodes
  5.2%  1/0/0    5.3%  1/0/0    5.4%  1/0/0    5.5%  1/0/0    5.6%  1/0/0    5.7%  1/0/0    5.8%  1/0/0    5.9%  1/0/0    6.0%  1/0/0    6.1%  1/0/0    6.2%  1/0/0    6.3%  1/0/0    6.4%  1/0/0    6.5%  1/0/0    6.6%  1/0/0    6.7%  1/0/0    6.8%  1/0/0    6.9%  1/0/0    7.0%  1/0/0    7.1%  1/0/0    7.2%  1/0/0    7.3%  1/0/0    7.4%  1/0/0    7.5%  1/0/0    7.6%  1/0/0    7.7%  1/0/0    7.8%  1/0/0    7.9%  1/0/0    8.0%  1/0/0    8.1%  1/0/0    8.2%  1/0/0    8.3%  1/0/0    8.4%  1/0/0    8.5%  1/0/0    8.6%  1/0/0    8.7%  1/0/0    8.8%  1/0/0    8.9%  1/0/0    9.0%  1/0/0    9.1%  1/0/0    9.2%  1/0/0    9.3%  1/0/0    9.4%  1/0/0    9.5%  1/0/0    9.6%  1/0/0    9.7%  1/0/0    9.8%  1/0/0    9.9%  1/0/0    10.0%  1/0/0    10.1%  1/0/0    10.2%  1/0/0    10.3%  1/0/0    10.4%  1/0/0    10.5%  1/0/0    15.7%  3/1/2    15.7%  3/2/3    15.8%  3/1/2    15.9%  3/1/2    16.0%  3/1/2    16.1%  3/1/2    16.3%  3/1/2    16.5%  3/1/2    16.6%  3/1/2    16.8%  3/1/2    17.0%  3/1/2    17.1%  3/1/2    17.3%  3/1/2    17.5%  3/1/2    17.6%  3/1/2    17.8%  3/1/2    18.0%  3/1/2    18.1%  3/1/2    18.3%  3/1/2    18.5%  3/1/2    18.6%  3/1/2    18.8%  3/1/2    19.0%  3/1/2    19.1%  3/1/2    19.3%  3/1/2    19.5%  3/1/2    19.6%  3/1/2    19.8%  3/1/2    20.0%  3/1/2    20.1%  3/1/2    20.3%  3/1/2    20.5%  3/1/2    20.6%  3/1/2    20.8%  3/1/2    21.0%  3/1/2    21.1%  4/3/6    21.3%  4/3/5    21.3%  4/2/5    21.5%  4/2/5    21.6%  4/2/5    22.0%  4/3/5    22.1%  4/3/5    22.3%  4/3/5    22.5%  4/3/5    22.6%  4/3/5    22.8%  4/3/5    23.0%  4/3/5    23.1%  4/3/5    23.3%  4/3/5    23.5%  4/3/5    23.6%  4/3/5    23.8%  4/3/5    24.0%  4/3/5    24.1%  4/3/5    24.3%  4/3/5    24.5%  4/3/5    24.6%  4/3/5    24.8%  4/3/5    25.0%  4/3/5    25.1%  4/3/5    25.3%  4/3/5    25.5%  4/3/5    25.6%  4/3/5    25.8%  4/3/5    26.0%  4/3/5    26.1%  4/3/5    26.3%  4/3/5    26.5%  5/7/11    26.6%  5/5/11    27.1%  5/6/11    27.1%  5/7/11    27.3%  5/7/11    27.5%  5/7/11    27.6%  5/7/11    27.8%  5/7/11    28.0%  5/7/11    28.1%  5/7/11    28.3%  5/7/11    28.5%  5/7/11    28.6%  5/7/11    30.5%  5/6/11    30.6%  5/6/11    30.8%  5/6/11    31.0%  5/6/11    31.1%  5/6/11    31.3%  5/6/11    31.5%  5/6/11    31.6%  6/12/22    31.8%  6/12/22    32.0%  6/12/22    32.2%  6/12/22    32.4%  6/12/22    32.5%  6/12/22    32.9%  6/12/22    32.7%  6/15/22    32.9%  6/12/22    33.0%  6/12/22    33.1%  6/12/22    33.2%  6/12/22    33.4%  6/12/22    33.5%  6/12/22    33.6%  6/12/22    33.7%  6/12/22    33.9%  6/12/22    34.0%  6/12/22    35.7%  6/12/22    35.9%  6/12/22    36.0%  6/12/22    36.1%  6/12/22    36.2%  6/12/22    36.4%  6/12/22    36.5%  6/12/22    36.6%  6/12/22    36.7%  6/12/22    36.9%  7/24/45    37.0%  7/24/45    37.1%  7/24/45    37.2%  7/25/45    37.4%  7/24/45    37.5%  7/24/45    37.6%  7/24/45    37.6%  7/23/45    37.7%  7/24/45    37.9%  7/24/45    38.3%  7/24/45    38.1%  7/31/45    38.3%  7/24/45    38.4%  7/24/45    38.5%  7/24/45    38.6%  7/24/45    38.7%  7/24/45    38.9%  7/24/45    39.0%  7/24/45    39.1%  7/24/45    39.2%  7/24/45    39.4%  7/24/45    39.5%  7/24/45    41.3%  7/24/45    41.4%  7/24/45    41.5%  7/24/45    41.6%  7/24/45    41.7%  7/24/45    41.9%  7/24/45    42.0%  7/24/45    42.1%  7/24/45    42.2%  8/62/90    42.2%  8/47/90    42.2%  8/48/91    42.4%  8/47/90    42.5%  8/47/90    42.5%  8/62/90    42.6%  8/62/90    42.6%  8/48/91    42.6%  8/47/90    42.8%  8/62/90    42.8%  8/48/91    42.7%  8/50/91    42.8%  8/47/90    43.0%  8/62/90    43.0%  8/48/91    43.3%  8/48/91    43.4%  8/48/91    43.4%  8/62/90    43.5%  8/62/90    43.6%  8/62/90    43.7%  8/62/90    43.9%  8/48/91    44.0%  8/48/91    44.1%  8/48/91    44.2%  8/62/90    44.4%  8/62/90    44.5%  8/62/90    44.6%  8/62/90    44.7%  8/62/90    46.4%  8/48/91    46.5%  8/48/91    46.6%  8/48/91    46.7%  8/48/91    46.9%  8/48/91    47.0%  8/48/91    47.1%  8/48/91    47.2%  8/48/91    47.4%  9/97/183    47.5%  9/97/183    47.6%  9/97/183    47.6%  9/125/180    47.6%  9/97/182    47.6%  9/101/182    47.6%  9/95/180    47.7%  9/97/183    47.9%  9/95/180    47.9%  9/125/180    47.9%  9/97/183    47.9%  9/101/182    48.1%  9/97/183    48.1%  9/95/180    48.0%  9/125/180    48.1%  9/95/180    48.2%  9/97/183    48.5%  9/125/180    48.6%  9/97/183    48.7%  9/97/183    48.9%  9/97/183    49.0%  9/97/183    49.1%  9/97/183    49.2%  9/97/183    49.4%  9/97/183    49.5%  9/97/183    49.6%  9/97/183    49.7%  9/97/183    49.9%  9/125/180    50.0%  9/125/180    50.1%  9/125/180    50.2%  9/125/180    51.8%  9/97/183    51.9%  9/97/183    52.0%  9/97/183    52.1%  9/97/183    52.2%  9/97/183    52.4%  9/97/183    52.5%  9/97/183    52.6%  9/94/179    52.7%  10/194/367    52.7%  10/191/360    52.7%  10/250/360    52.7%  10/194/366    52.7%  10/193/365    52.7%  10/202/365    52.9%  10/191/360    52.9%  10/250/360    52.9%  10/194/367    52.9%  10/202/365    52.9%  10/194/366    53.0%  10/191/360    53.0%  10/194/366    53.0%  10/250/360    53.1%  10/191/360    53.1%  10/250/360    53.2%  10/191/360    53.2%  10/250/360    53.4%  10/191/360    53.4%  10/250/360    53.5%  10/250/360    53.8%  10/250/360    53.7%  10/194/367    53.7%  10/194/366    53.9%  10/250/360    54.0%  10/250/360    54.1%  10/250/360    54.2%  10/250/360    54.4%  10/250/360    54.5%  10/250/360    54.6%  10/250/360    54.7%  10/250/360    54.9%  10/250/360    56.1%  10/250/360    55.7%  10/194/367    56.1%  10/250/360    56.2%  10/250/360    56.4%  10/250/360    56.5%  10/250/360    57.5%  10/250/360    57.6%  10/250/360    57.7%  10/200/365    57.9%  11/500/721    57.9%  11/387/731    58.0%  11/500/721    58.1%  11/500/721    58.2%  11/500/721    58.4%  11/500/721    58.5%  11/500/721    58.6%  11/500/721    58.7%  11/500/721    58.9%  11/500/721    59.2%  11/500/721    59.1%  11/388/733    59.2%  11/500/721    59.4%  11/500/721    59.5%  11/500/721    59.6%  11/500/721    59.7%  11/500/721    59.9%  11/500/721    60.0%  11/500/721    60.1%  11/500/721    60.2%  11/500/721    60.4%  11/500/721    60.5%  11/500/721    60.6%  11/500/721    60.7%  11/500/721    61.8%  11/500/721    60.9%  11/388/734    61.8%  11/500/721    61.9%  11/500/721    62.6%  11/388/734    62.7%  11/388/734    62.9%  11/388/734    63.0%  11/388/734    63.1%  11/388/734    63.2%  12/1000/1443    63.2%  12/766/1441    63.4%  12/766/1441    63.5%  12/766/1441    63.5%  12/1000/1443    63.6%  12/766/1441    63.6%  12/1000/1443    63.7%  12/766/1441    64.0%  12/776/1469    63.9%  12/1000/1444    64.0%  12/1000/1443    63.9%  12/774/1462    64.0%  12/776/1467    64.0%  12/1000/1443    64.0%  12/776/1469    64.1%  12/1000/1443    64.2%  12/776/1469    64.2%  12/1000/1443    64.3%  12/1000/1443    64.4%  12/776/1469    64.4%  12/776/1467    64.4%  12/1000/1443    64.5%  12/1000/1443    64.5%  12/776/1467    64.6%  12/776/1467    64.6%  12/1000/1443    64.7%  12/1000/1443    64.8%  12/1000/1443    64.9%  12/1000/1443    65.0%  12/776/1467    65.1%  12/776/1467    65.2%  12/776/1467    65.3%  12/776/1467    65.4%  12/776/1467    65.5%  12/1000/1443    66.5%  12/1000/1443    66.2%  12/776/1469    66.6%  12/1000/1443    66.7%  12/1000/1443    66.8%  12/1000/1443    66.9%  12/1000/1443    67.0%  12/1000/1443    67.1%  12/1000/1443    68.0%  12/1000/1443    68.1%  12/1000/1443    68.2%  12/1000/1443    68.3%  12/1000/1443    68.4%  12/1006/1525    68.5%  13/1553/2935    68.6%  13/1553/2935    68.7%  13/1532/2882    68.7%  13/1553/2935    68.8%  13/1553/2935    68.9%  13/1553/2935    69.1%  13/1553/2939    69.0%  13/1557/2917    69.1%  13/1553/2935    69.0%  13/1965/3053    69.1%  13/1553/2939    69.2%  13/1553/2935    69.3%  13/1553/2935    69.4%  13/1553/2935    69.5%  13/1553/2935    69.6%  13/1553/2935    69.7%  13/1553/2935    69.8%  13/1553/2935    69.9%  13/1553/2935    70.0%  13/1553/2935    70.1%  13/1553/2935    70.2%  13/1553/2935    70.3%  13/1553/2935    70.4%  13/1553/2935    70.5%  13/1553/2935    70.6%  13/1553/2935    71.4%  13/1553/2939    71.2%  13/2000/2887    71.4%  13/1553/2939    71.5%  13/1553/2939    71.6%  13/1553/2939    71.7%  13/1553/2939    71.8%  13/1553/2939    72.5%  13/2000/2887    72.6%  13/2000/2887    72.7%  13/2000/2887    72.8%  13/2000/2887    72.9%  13/2000/2887    73.0%  13/2000/2887    73.1%  13/2000/2887    73.2%  13/2000/2887    73.3%  13/2000/2887    73.4%  13/2000/2887    73.5%  13/2000/2887    73.6%  13/1501/2884    73.7%  14/3106/5871    73.8%  14/3106/5871    73.9%  14/3106/5871    74.0%  14/3106/5871    74.1%  14/3106/5871    74.2%  14/3106/5871    74.2%  14/4001/5775    74.3%  14/3106/5871    74.3%  14/4001/5775    74.4%  14/3106/5871    74.4%  14/4001/5775    74.5%  14/4001/5775    74.6%  14/4001/5775    74.8%  14/4001/5775    74.7%  14/4001/5774    74.8%  14/4001/5775    74.8%  14/3106/5871    74.9%  14/3106/5871    75.0%  14/3106/5871    75.1%  14/3106/5871    75.1%  14/4001/5775    75.2%  14/3106/5871    75.6%  14/4001/5774    75.4%  14/3106/5878    75.8%  14/4001/5775    75.6%  14/4001/5774    75.8%  14/4001/5775    75.9%  14/4001/5775    76.0%  14/4001/5775    76.1%  14/4001/5775    76.2%  14/4001/5775    76.3%  14/4001/5775    76.4%  14/4001/5775    76.5%  14/4001/5775    77.1%  14/3106/5878    77.4%  14/4001/5774    77.5%  14/4001/5774    77.6%  14/4001/5774    77.7%  14/4001/5774    77.8%  14/4001/5774    77.9%  14/4001/5774    78.5%  14/3106/5878    78.6%  14/3106/5878    78.7%  14/3106/5878    78.8%  14/3978/6082    78.9%  14/3109/5880    79.0%  15/6213/11742    79.0%  15/8003/11550    79.1%  15/8003/11550    79.2%  15/8003/11550    79.3%  15/6213/11742    79.3%  15/8003/11550    79.4%  15/8003/11550    79.5%  15/8003/11550    79.6%  15/8003/11550    79.7%  15/8003/11550    79.8%  15/8003/11550    79.8%  15/6213/11742    79.9%  15/8003/11550    80.0%  15/6213/11742    80.1%  15/8003/11550    80.1%  15/6213/11742    80.2%  15/6213/11742    80.2%  15/8003/11550    80.3%  15/6213/11742    80.4%  15/6213/11742    80.5%  15/6213/11742    80.6%  15/8003/11550    80.8%  15/6212/11757    81.0%  15/8003/11549    81.2%  15/8003/11550    81.3%  15/8003/11550    81.4%  15/8003/11550    81.5%  15/8003/11550    81.6%  15/8003/11550    81.7%  15/8003/11550    81.8%  15/8003/11550    82.9%  15/8003/11550    82.2%  15/6212/11757    82.9%  15/8003/11550    83.0%  15/8003/11550    83.6%  15/6212/11757    83.7%  15/6212/11757    83.8%  15/6212/11757    83.9%  15/6212/11757    84.0%  15/6054/11501    84.1%  15/6214/11742    84.2%  15/6226/11718    84.3%  16/16006/23100    84.3%  16/12427/23484    84.4%  16/16006/23100    84.4%  16/12427/23484    84.5%  16/12427/23484    84.6%  16/12427/23484    84.7%  16/12427/23484    84.8%  16/12427/23484    84.8%  16/16006/23100    84.9%  16/12427/23484    85.0%  16/12424/23515    85.1%  16/12427/23484    85.0%  16/16006/23099    85.0%  16/16006/23100    85.1%  16/12427/23484    85.2%  16/12427/23484    85.3%  16/12427/23484    85.4%  16/12427/23484    85.5%  16/12427/23484    85.5%  16/16006/23099    85.6%  16/12427/23484    85.7%  16/16006/23099    85.8%  16/16006/23099    85.9%  16/16006/23099    86.0%  16/16006/23099    86.1%  16/16006/23099    86.7%  16/12427/23484    86.6%  16/12424/23515    86.6%  16/16006/23100    86.7%  16/12427/23484    86.8%  16/12427/23484    86.9%  16/15217/24207    87.4%  16/12424/23515    87.4%  16/16006/23100    87.5%  16/16006/23100    87.6%  16/16006/23100    87.7%  16/16006/23100    87.8%  16/16006/23100    87.9%  16/16006/23100    88.0%  16/16006/23100    88.1%  16/16006/23100    88.9%  16/16006/23100    89.0%  16/16006/23100    89.1%  16/16006/23100    89.2%  16/16006/23100    89.3%  16/16006/23100    89.4%  16/12450/23439    89.5%  17/32013/46200    89.6%  17/32013/46200    89.7%  17/32013/46200    89.8%  17/32013/46200    90.0%  17/32013/46200    89.9%  17/32013/46199    90.0%  17/32013/46200    90.2%  17/32013/46200    90.1%  17/32013/46199    90.2%  17/32013/46200    90.3%  17/32013/46200    90.3%  17/32013/46199    90.4%  17/32013/46199    90.5%  17/32013/46199    90.6%  17/32013/46199    90.7%  17/32013/46199    90.8%  17/32013/46200    91.3%  17/32013/46200    91.2%  17/24854/46969    91.0%  17/24848/47030    91.3%  17/32013/46200    91.3%  17/32013/46200    91.2%  17/24854/46969    91.3%  17/32013/46200    91.4%  17/32013/46200    91.5%  17/32013/46200    91.6%  17/32013/46200    91.7%  17/32013/46200    91.8%  17/32013/46200    91.9%  17/32013/46200    92.0%  17/32013/46200    92.1%  17/32013/46200    92.2%  17/32013/46200    92.3%  17/32013/46200    92.4%  17/32013/46200    92.5%  17/32013/46200    92.6%  17/32013/46200    92.7%  17/32013/46200    92.8%  17/32013/46200    93.4%  17/32013/46200    93.5%  17/32013/46200    93.6%  17/32013/46200    93.7%  17/32013/46200    94.3%  17/24848/47030    94.4%  17/24848/47030    94.5%  17/24848/47030    94.6%  17/24848/47030    94.7%  17/24856/46973    94.8%  18/64027/92399    94.9%  18/49709/93938    95.0%  18/49709/93938    95.1%  18/49709/93938    95.2%  18/49709/93938    95.3%  18/49709/93938    95.4%  18/49709/93938    95.5%  18/49709/93938    95.6%  18/49709/93938    95.7%  18/49709/93938    95.8%  18/64027/92400    95.9%  18/64027/92400    96.0%  18/64027/92400    96.1%  18/64027/92400    96.5%  18/64027/92400    96.6%  18/64027/92400    96.7%  18/64027/92400    96.8%  18/64027/92400    96.9%  18/64027/92400    97.6%  18/64027/92400    97.2%  18/49697/94061    97.6%  18/64027/92400    97.7%  18/64027/92400    97.8%  18/64027/92400    97.9%  18/64027/92400    98.0%  18/64027/92400    98.1%  18/49028/92251    99.2%  18/64027/92400    99.9%  18/63309/97605    99.9%  18/50803/93528  

real	0m4.623s
user	0m11.727s
sys	0m0.889s
